[0.014s] Invoking command in '/home/sonia/robbie-the-robot-arm/V3/build/robbie_simulator': CMAKE_PREFIX_PATH=${CMAKE_PREFIX_PATH}:/opt/ros/foxy /usr/bin/cmake --build /home/sonia/robbie-the-robot-arm/V3/build/robbie_simulator -- -j8 -l8
[0.050s] -- Found ament_cmake: 0.9.12 (/opt/ros/foxy/share/ament_cmake/cmake)
[0.075s] -- Using PYTHON_EXECUTABLE: /usr/bin/python3
[0.289s] -- Found rclpy: 1.0.13 (/opt/ros/foxy/share/rclpy/cmake)
[0.290s] -- Found std_msgs: 2.0.5 (/opt/ros/foxy/share/std_msgs/cmake)
[0.314s] -- Using all available rosidl_typesupport_c: rosidl_typesupport_fastrtps_c;rosidl_typesupport_introspection_c
[0.318s] -- Found rosidl_adapter: 1.3.1 (/opt/ros/foxy/share/rosidl_adapter/cmake)
[0.511s] -- Using all available rosidl_typesupport_cpp: rosidl_typesupport_fastrtps_cpp;rosidl_typesupport_introspection_cpp
[0.556s] -- Found gazebo_ros: 3.5.3 (/opt/ros/foxy/share/gazebo_ros/cmake)
[0.593s] -- Found rmw_implementation_cmake: 1.0.4 (/opt/ros/foxy/share/rmw_implementation_cmake/cmake)
[0.595s] -- Using RMW implementation 'rmw_fastrtps_cpp' as default
[0.803s] -- Found DART: /usr/include (Required is at least version "6.6") found components: dart 
[0.833s] -- Found Protobuf: /usr/lib/x86_64-linux-gnu/libprotobuf.so;-lpthread (found version "3.6.1") 
[0.835s] -- Looking for ignition-math6 -- found version 6.15.1
[0.841s] -- Searching for dependencies of ignition-math6
[0.843s] -- Looking for OGRE...
[0.849s] -- Found Ogre Ghadamon (1.9.0)
[0.849s] -- Found OGRE: optimized;/usr/lib/x86_64-linux-gnu/libOgreMain.so;debug;/usr/lib/x86_64-linux-gnu/libOgreMain.so
[0.860s] -- Looking for OGRE_Paging...
[0.860s] -- Found OGRE_Paging: optimized;/usr/lib/x86_64-linux-gnu/libOgrePaging.so;debug;/usr/lib/x86_64-linux-gnu/libOgrePaging.so
[0.860s] -- Looking for OGRE_Terrain...
[0.860s] -- Found OGRE_Terrain: optimized;/usr/lib/x86_64-linux-gnu/libOgreTerrain.so;debug;/usr/lib/x86_64-linux-gnu/libOgreTerrain.so
[0.861s] -- Looking for OGRE_Property...
[0.861s] -- Found OGRE_Property: optimized;/usr/lib/x86_64-linux-gnu/libOgreProperty.so;debug;/usr/lib/x86_64-linux-gnu/libOgreProperty.so
[0.861s] -- Looking for OGRE_RTShaderSystem...
[0.861s] -- Found OGRE_RTShaderSystem: optimized;/usr/lib/x86_64-linux-gnu/libOgreRTShaderSystem.so;debug;/usr/lib/x86_64-linux-gnu/libOgreRTShaderSystem.so
[0.861s] -- Looking for OGRE_Volume...
[0.861s] -- Found OGRE_Volume: optimized;/usr/lib/x86_64-linux-gnu/libOgreVolume.so;debug;/usr/lib/x86_64-linux-gnu/libOgreVolume.so
[0.861s] -- Looking for OGRE_Overlay...
[0.862s] -- Found OGRE_Overlay: optimized;/usr/lib/x86_64-linux-gnu/libOgreOverlay.so;debug;/usr/lib/x86_64-linux-gnu/libOgreOverlay.so
[0.977s] -- Looking for ignition-math6 -- found version 6.15.1
[0.977s] -- Looking for ignition-transport8 -- found version 8.3.0
[0.977s] -- Searching for dependencies of ignition-transport8
[0.996s] -- Found Protobuf: /usr/lib/x86_64-linux-gnu/libprotobuf.so;-lpthread (found suitable version "3.6.1", minimum required is "3") 
[1.007s] -- Config-file not installed for ZeroMQ -- checking for pkg-config
[1.011s] -- Checking for module 'libzmq >= 4'
[1.028s] --   Found libzmq , version 4.3.2
[1.079s] -- Checking for module 'uuid'
[1.097s] --   Found uuid, version 2.34.0
[1.148s] -- Looking for ignition-msgs5 -- found version 5.10.0
[1.149s] -- Searching for dependencies of ignition-msgs5
[1.177s] -- Looking for ignition-math6 -- found version 6.15.1
[1.183s] -- Checking for module 'tinyxml2'
[1.201s] --   Found tinyxml2, version 6.2.0
[1.249s] -- Looking for ignition-msgs5 -- found version 5.10.0
[1.250s] -- Looking for ignition-common3 -- found version 3.14.2
[1.250s] -- Searching for dependencies of ignition-common3
[1.250s] -- Looking for dlfcn.h - found
[1.251s] -- Looking for libdl - found
[1.263s] -- Searching for <ignition-common3> component [graphics]
[1.263s] -- Looking for ignition-common3-graphics -- found version 3.14.2
[1.264s] -- Searching for dependencies of ignition-common3-graphics
[1.264s] -- Looking for ignition-math6 -- found version 6.15.1
[1.266s] -- Looking for ignition-fuel_tools4 -- found version 4.6.0
[1.266s] -- Searching for dependencies of ignition-fuel_tools4
[1.301s] -- Checking for module 'jsoncpp'
[1.320s] --   Found jsoncpp, version 1.7.4
[1.376s] -- Checking for module 'libzip'
[1.395s] --   Found libzip, version 1.5.1
[1.445s] -- Looking for ignition-common3 -- found version 3.14.2
[1.446s] -- Looking for ignition-math6 -- found version 6.15.1
[1.447s] -- Looking for ignition-msgs5 -- found version 5.10.0
[1.448s] -- Gazebo version: 11.11
[1.458s] -- Found robot_state_publisher: 2.4.5 (/opt/ros/foxy/share/robot_state_publisher/cmake)
[1.461s] -- Found eigen3_cmake_module: 0.1.1 (/opt/ros/foxy/share/eigen3_cmake_module/cmake)
[2.084s] -- Found ament_lint_auto: 0.9.8 (/opt/ros/foxy/share/ament_lint_auto/cmake)
[2.146s] -- Configuring done
[2.151s] -- Generating done
[2.155s] -- Build files have been written to: /home/sonia/robbie-the-robot-arm/V3/build/robbie_simulator
[2.191s] Invoked command in '/home/sonia/robbie-the-robot-arm/V3/build/robbie_simulator' returned '0': CMAKE_PREFIX_PATH=${CMAKE_PREFIX_PATH}:/opt/ros/foxy /usr/bin/cmake --build /home/sonia/robbie-the-robot-arm/V3/build/robbie_simulator -- -j8 -l8
[2.235s] Invoking command in '/home/sonia/robbie-the-robot-arm/V3/build/robbie_simulator': CMAKE_PREFIX_PATH=${CMAKE_PREFIX_PATH}:/opt/ros/foxy /usr/bin/cmake --install /home/sonia/robbie-the-robot-arm/V3/build/robbie_simulator
[2.245s] -- Install configuration: ""
[2.245s] -- Up-to-date: /home/sonia/robbie-the-robot-arm/V3/install/robbie_simulator/lib/robbie_simulator/move_robot_arm.py
[2.246s] -- Up-to-date: /home/sonia/robbie-the-robot-arm/V3/install/robbie_simulator/lib/robbie_simulator/joint_state_publisher_gui.py
[2.246s] -- Installing: /home/sonia/robbie-the-robot-arm/V3/install/robbie_simulator/share/robbie_simulator/launch
[2.246s] -- Installing: /home/sonia/robbie-the-robot-arm/V3/install/robbie_simulator/share/robbie_simulator/launch/robot_description_path.launch.py
[2.246s] -- Installing: /home/sonia/robbie-the-robot-arm/V3/install/robbie_simulator/share/robbie_simulator/launch/display.launch.py
[2.246s] -- Installing: /home/sonia/robbie-the-robot-arm/V3/install/robbie_simulator/share/robbie_simulator/urdf
[2.246s] -- Installing: /home/sonia/robbie-the-robot-arm/V3/install/robbie_simulator/share/robbie_simulator/urdf/robbie.urdf
[2.247s] -- Installing: /home/sonia/robbie-the-robot-arm/V3/install/robbie_simulator/share/ament_index/resource_index/package_run_dependencies/robbie_simulator
[2.247s] -- Up-to-date: /home/sonia/robbie-the-robot-arm/V3/install/robbie_simulator/share/ament_index/resource_index/parent_prefix_path/robbie_simulator
[2.247s] -- Up-to-date: /home/sonia/robbie-the-robot-arm/V3/install/robbie_simulator/share/robbie_simulator/environment/ament_prefix_path.sh
[2.247s] -- Installing: /home/sonia/robbie-the-robot-arm/V3/install/robbie_simulator/share/robbie_simulator/environment/ament_prefix_path.dsv
[2.247s] -- Up-to-date: /home/sonia/robbie-the-robot-arm/V3/install/robbie_simulator/share/robbie_simulator/environment/path.sh
[2.247s] -- Installing: /home/sonia/robbie-the-robot-arm/V3/install/robbie_simulator/share/robbie_simulator/environment/path.dsv
[2.247s] -- Up-to-date: /home/sonia/robbie-the-robot-arm/V3/install/robbie_simulator/share/robbie_simulator/local_setup.bash
[2.248s] -- Up-to-date: /home/sonia/robbie-the-robot-arm/V3/install/robbie_simulator/share/robbie_simulator/local_setup.sh
[2.248s] -- Up-to-date: /home/sonia/robbie-the-robot-arm/V3/install/robbie_simulator/share/robbie_simulator/local_setup.zsh
[2.248s] -- Installing: /home/sonia/robbie-the-robot-arm/V3/install/robbie_simulator/share/robbie_simulator/local_setup.dsv
[2.248s] -- Installing: /home/sonia/robbie-the-robot-arm/V3/install/robbie_simulator/share/robbie_simulator/package.dsv
[2.248s] -- Up-to-date: /home/sonia/robbie-the-robot-arm/V3/install/robbie_simulator/share/ament_index/resource_index/packages/robbie_simulator
[2.248s] -- Up-to-date: /home/sonia/robbie-the-robot-arm/V3/install/robbie_simulator/share/robbie_simulator/cmake/robbie_simulatorConfig.cmake
[2.248s] -- Up-to-date: /home/sonia/robbie-the-robot-arm/V3/install/robbie_simulator/share/robbie_simulator/cmake/robbie_simulatorConfig-version.cmake
[2.249s] -- Installing: /home/sonia/robbie-the-robot-arm/V3/install/robbie_simulator/share/robbie_simulator/package.xml
[2.251s] Invoked command in '/home/sonia/robbie-the-robot-arm/V3/build/robbie_simulator' returned '0': CMAKE_PREFIX_PATH=${CMAKE_PREFIX_PATH}:/opt/ros/foxy /usr/bin/cmake --install /home/sonia/robbie-the-robot-arm/V3/build/robbie_simulator
