[0.190s] DEBUG:colcon:Command line arguments: ['/usr/bin/colcon', 'build']
[0.190s] DEBUG:colcon:Parsed command line arguments: Namespace(allow_overriding=[], ament_cmake_args=None, base_paths=['.'], build_base='build', catkin_cmake_args=None, catkin_skip_building_tests=False, cmake_args=None, cmake_clean_cache=False, cmake_clean_first=False, cmake_force_configure=False, cmake_target=None, cmake_target_skip_unavailable=False, continue_on_error=False, event_handlers=None, executor='parallel', ignore_user_meta=False, install_base='install', log_base=None, log_level=None, main=<bound method BuildVerb.main of <colcon_core.verb.build.BuildVerb object at 0x7f6bedc12280>>, merge_install=False, metas=['./colcon.meta'], packages_above=None, packages_above_and_dependencies=None, packages_above_depth=None, packages_end=None, packages_ignore=None, packages_ignore_regex=None, packages_select=None, packages_select_build_failed=False, packages_select_by_dep=None, packages_select_regex=None, packages_select_test_failures=False, packages_skip=None, packages_skip_build_finished=False, packages_skip_by_dep=None, packages_skip_regex=None, packages_skip_test_passed=False, packages_skip_up_to=None, packages_start=None, packages_up_to=None, packages_up_to_regex=None, parallel_workers=8, paths=None, symlink_install=False, test_result_base=None, verb_extension=<colcon_core.verb.build.BuildVerb object at 0x7f6bedc12280>, verb_name='build', verb_parser=<colcon_defaults.argument_parser.defaults.DefaultArgumentsDecorator object at 0x7f6bedb0ef10>)
[0.334s] Level 1:colcon.colcon_core.package_discovery:discover_packages(colcon_meta) check parameters
[0.334s] Level 1:colcon.colcon_core.package_discovery:discover_packages(recursive) check parameters
[0.334s] Level 1:colcon.colcon_core.package_discovery:discover_packages(ignore) check parameters
[0.334s] Level 1:colcon.colcon_core.package_discovery:discover_packages(path) check parameters
[0.334s] Level 1:colcon.colcon_core.package_discovery:discover_packages(colcon_meta) discover
[0.334s] Level 1:colcon.colcon_core.package_discovery:discover_packages(recursive) discover
[0.334s] INFO:colcon.colcon_core.package_discovery:Crawling recursively for packages in '/home/sonia/robbie-the-robot-arm/V3'
[0.334s] Level 1:colcon.colcon_core.package_identification:_identify(.) by extensions ['ignore', 'ignore_ament_install']
[0.334s] Level 1:colcon.colcon_core.package_identification:_identify(.) by extension 'ignore'
[0.334s] Level 1:colcon.colcon_core.package_identification:_identify(.) by extension 'ignore_ament_install'
[0.334s] Level 1:colcon.colcon_core.package_identification:_identify(.) by extensions ['colcon_pkg']
[0.334s] Level 1:colcon.colcon_core.package_identification:_identify(.) by extension 'colcon_pkg'
[0.334s] Level 1:colcon.colcon_core.package_identification:_identify(.) by extensions ['colcon_meta']
[0.334s] Level 1:colcon.colcon_core.package_identification:_identify(.) by extension 'colcon_meta'
[0.334s] Level 1:colcon.colcon_core.package_identification:_identify(.) by extensions ['ros']
[0.334s] Level 1:colcon.colcon_core.package_identification:_identify(.) by extension 'ros'
[0.345s] Level 1:colcon.colcon_core.package_identification:_identify(.) by extensions ['cmake', 'python']
[0.345s] Level 1:colcon.colcon_core.package_identification:_identify(.) by extension 'cmake'
[0.345s] Level 1:colcon.colcon_core.package_identification:_identify(.) by extension 'python'
[0.345s] Level 1:colcon.colcon_core.package_identification:_identify(.) by extensions ['python_setup_py']
[0.345s] Level 1:colcon.colcon_core.package_identification:_identify(.) by extension 'python_setup_py'
[0.345s] Level 1:colcon.colcon_core.package_identification:_identify(build) by extensions ['ignore', 'ignore_ament_install']
[0.345s] Level 1:colcon.colcon_core.package_identification:_identify(build) by extension 'ignore'
[0.345s] Level 1:colcon.colcon_core.package_identification:_identify(build) ignored
[0.345s] Level 1:colcon.colcon_core.package_identification:_identify(install) by extensions ['ignore', 'ignore_ament_install']
[0.345s] Level 1:colcon.colcon_core.package_identification:_identify(install) by extension 'ignore'
[0.346s] Level 1:colcon.colcon_core.package_identification:_identify(install) ignored
[0.346s] Level 1:colcon.colcon_core.package_identification:_identify(log) by extensions ['ignore', 'ignore_ament_install']
[0.346s] Level 1:colcon.colcon_core.package_identification:_identify(log) by extension 'ignore'
[0.346s] Level 1:colcon.colcon_core.package_identification:_identify(log) ignored
[0.346s] Level 1:colcon.colcon_core.package_identification:_identify(src) by extensions ['ignore', 'ignore_ament_install']
[0.346s] Level 1:colcon.colcon_core.package_identification:_identify(src) by extension 'ignore'
[0.346s] Level 1:colcon.colcon_core.package_identification:_identify(src) by extension 'ignore_ament_install'
[0.346s] Level 1:colcon.colcon_core.package_identification:_identify(src) by extensions ['colcon_pkg']
[0.346s] Level 1:colcon.colcon_core.package_identification:_identify(src) by extension 'colcon_pkg'
[0.346s] Level 1:colcon.colcon_core.package_identification:_identify(src) by extensions ['colcon_meta']
[0.346s] Level 1:colcon.colcon_core.package_identification:_identify(src) by extension 'colcon_meta'
[0.346s] Level 1:colcon.colcon_core.package_identification:_identify(src) by extensions ['ros']
[0.346s] Level 1:colcon.colcon_core.package_identification:_identify(src) by extension 'ros'
[0.346s] Level 1:colcon.colcon_core.package_identification:_identify(src) by extensions ['cmake', 'python']
[0.346s] Level 1:colcon.colcon_core.package_identification:_identify(src) by extension 'cmake'
[0.346s] Level 1:colcon.colcon_core.package_identification:_identify(src) by extension 'python'
[0.346s] Level 1:colcon.colcon_core.package_identification:_identify(src) by extensions ['python_setup_py']
[0.347s] Level 1:colcon.colcon_core.package_identification:_identify(src) by extension 'python_setup_py'
[0.347s] Level 1:colcon.colcon_core.package_identification:_identify(src/robbie_simulator) by extensions ['ignore', 'ignore_ament_install']
[0.347s] Level 1:colcon.colcon_core.package_identification:_identify(src/robbie_simulator) by extension 'ignore'
[0.347s] Level 1:colcon.colcon_core.package_identification:_identify(src/robbie_simulator) by extension 'ignore_ament_install'
[0.347s] Level 1:colcon.colcon_core.package_identification:_identify(src/robbie_simulator) by extensions ['colcon_pkg']
[0.347s] Level 1:colcon.colcon_core.package_identification:_identify(src/robbie_simulator) by extension 'colcon_pkg'
[0.347s] Level 1:colcon.colcon_core.package_identification:_identify(src/robbie_simulator) by extensions ['colcon_meta']
[0.347s] Level 1:colcon.colcon_core.package_identification:_identify(src/robbie_simulator) by extension 'colcon_meta'
[0.347s] Level 1:colcon.colcon_core.package_identification:_identify(src/robbie_simulator) by extensions ['ros']
[0.347s] Level 1:colcon.colcon_core.package_identification:_identify(src/robbie_simulator) by extension 'ros'
[0.349s] DEBUG:colcon.colcon_core.package_identification:Package 'src/robbie_simulator' with type 'ros.ament_cmake' and name 'robbie_simulator'
[0.349s] Level 1:colcon.colcon_core.package_discovery:discover_packages(recursive) using defaults
[0.349s] Level 1:colcon.colcon_core.package_discovery:discover_packages(ignore) discover
[0.349s] Level 1:colcon.colcon_core.package_discovery:discover_packages(ignore) using defaults
[0.350s] Level 1:colcon.colcon_core.package_discovery:discover_packages(path) discover
[0.350s] Level 1:colcon.colcon_core.package_discovery:discover_packages(path) using defaults
[0.364s] Level 1:colcon.colcon_core.package_discovery:discover_packages(prefix_path) check parameters
[0.364s] Level 1:colcon.colcon_core.package_discovery:discover_packages(prefix_path) discover
[0.365s] DEBUG:colcon.colcon_installed_package_information.package_discovery:Found 1 installed packages in /home/sonia/robbie-the-robot-arm/V3/install
[0.367s] DEBUG:colcon.colcon_installed_package_information.package_discovery:Found 272 installed packages in /opt/ros/foxy
[0.368s] Level 1:colcon.colcon_core.package_discovery:discover_packages(prefix_path) using defaults
[0.445s] Level 5:colcon.colcon_core.verb:set package 'robbie_simulator' build argument 'cmake_args' from command line to 'None'
[0.445s] Level 5:colcon.colcon_core.verb:set package 'robbie_simulator' build argument 'cmake_target' from command line to 'None'
[0.445s] Level 5:colcon.colcon_core.verb:set package 'robbie_simulator' build argument 'cmake_target_skip_unavailable' from command line to 'False'
[0.445s] Level 5:colcon.colcon_core.verb:set package 'robbie_simulator' build argument 'cmake_clean_cache' from command line to 'False'
[0.445s] Level 5:colcon.colcon_core.verb:set package 'robbie_simulator' build argument 'cmake_clean_first' from command line to 'False'
[0.445s] Level 5:colcon.colcon_core.verb:set package 'robbie_simulator' build argument 'cmake_force_configure' from command line to 'False'
[0.445s] Level 5:colcon.colcon_core.verb:set package 'robbie_simulator' build argument 'ament_cmake_args' from command line to 'None'
[0.445s] Level 5:colcon.colcon_core.verb:set package 'robbie_simulator' build argument 'catkin_cmake_args' from command line to 'None'
[0.445s] Level 5:colcon.colcon_core.verb:set package 'robbie_simulator' build argument 'catkin_skip_building_tests' from command line to 'False'
[0.445s] DEBUG:colcon.colcon_core.verb:Building package 'robbie_simulator' with the following arguments: {'ament_cmake_args': None, 'build_base': '/home/sonia/robbie-the-robot-arm/V3/build/robbie_simulator', 'catkin_cmake_args': None, 'catkin_skip_building_tests': False, 'cmake_args': None, 'cmake_clean_cache': False, 'cmake_clean_first': False, 'cmake_force_configure': False, 'cmake_target': None, 'cmake_target_skip_unavailable': False, 'install_base': '/home/sonia/robbie-the-robot-arm/V3/install/robbie_simulator', 'merge_install': False, 'path': '/home/sonia/robbie-the-robot-arm/V3/src/robbie_simulator', 'symlink_install': False, 'test_result_base': None}
[0.445s] INFO:colcon.colcon_core.executor:Executing jobs using 'parallel' executor
[0.446s] DEBUG:colcon.colcon_parallel_executor.executor.parallel:run_until_complete
[0.446s] INFO:colcon.colcon_ros.task.ament_cmake.build:Building ROS package in '/home/sonia/robbie-the-robot-arm/V3/src/robbie_simulator' with build type 'ament_cmake'
[0.446s] INFO:colcon.colcon_cmake.task.cmake.build:Building CMake package in '/home/sonia/robbie-the-robot-arm/V3/src/robbie_simulator'
[0.448s] INFO:colcon.colcon_core.plugin_system:Skipping extension 'colcon_core.shell.bat': Not used on non-Windows systems
[0.448s] INFO:colcon.colcon_core.shell:Skip shell extension 'powershell' for command environment: Not usable outside of PowerShell
[0.448s] DEBUG:colcon.colcon_core.shell:Skip shell extension 'dsv' for command environment
[0.461s] DEBUG:colcon.colcon_core.event_handler.log_command:Invoking command in '/home/sonia/robbie-the-robot-arm/V3/build/robbie_simulator': CMAKE_PREFIX_PATH=${CMAKE_PREFIX_PATH}:/opt/ros/foxy /usr/bin/cmake --build /home/sonia/robbie-the-robot-arm/V3/build/robbie_simulator -- -j8 -l8
[3.675s] DEBUG:colcon.colcon_core.event_handler.log_command:Invoked command in '/home/sonia/robbie-the-robot-arm/V3/build/robbie_simulator' returned '0': CMAKE_PREFIX_PATH=${CMAKE_PREFIX_PATH}:/opt/ros/foxy /usr/bin/cmake --build /home/sonia/robbie-the-robot-arm/V3/build/robbie_simulator -- -j8 -l8
[3.742s] DEBUG:colcon.colcon_core.event_handler.log_command:Invoking command in '/home/sonia/robbie-the-robot-arm/V3/build/robbie_simulator': CMAKE_PREFIX_PATH=${CMAKE_PREFIX_PATH}:/opt/ros/foxy /usr/bin/cmake --install /home/sonia/robbie-the-robot-arm/V3/build/robbie_simulator
[3.760s] DEBUG:colcon.colcon_core.event_handler.log_command:Invoked command in '/home/sonia/robbie-the-robot-arm/V3/build/robbie_simulator' returned '1': CMAKE_PREFIX_PATH=${CMAKE_PREFIX_PATH}:/opt/ros/foxy /usr/bin/cmake --install /home/sonia/robbie-the-robot-arm/V3/build/robbie_simulator
[3.803s] Level 1:colcon.colcon_core.environment:create_environment_scripts_only(robbie_simulator)
[3.808s] Level 1:colcon.colcon_core.environment:checking '/home/sonia/robbie-the-robot-arm/V3/install/robbie_simulator' for CMake module files
[3.809s] Level 1:colcon.colcon_core.environment:checking '/home/sonia/robbie-the-robot-arm/V3/install/robbie_simulator' for CMake config files
[3.810s] Level 1:colcon.colcon_core.shell:create_environment_hook('robbie_simulator', 'cmake_prefix_path')
[3.810s] INFO:colcon.colcon_core.shell:Creating environment hook '/home/sonia/robbie-the-robot-arm/V3/install/robbie_simulator/share/robbie_simulator/hook/cmake_prefix_path.ps1'
[3.811s] INFO:colcon.colcon_core.shell:Creating environment descriptor '/home/sonia/robbie-the-robot-arm/V3/install/robbie_simulator/share/robbie_simulator/hook/cmake_prefix_path.dsv'
[3.812s] INFO:colcon.colcon_core.shell:Creating environment hook '/home/sonia/robbie-the-robot-arm/V3/install/robbie_simulator/share/robbie_simulator/hook/cmake_prefix_path.sh'
[3.814s] Level 1:colcon.colcon_core.environment:checking '/home/sonia/robbie-the-robot-arm/V3/install/robbie_simulator/bin'
[3.814s] Level 1:colcon.colcon_core.environment:checking '/home/sonia/robbie-the-robot-arm/V3/install/robbie_simulator/lib/pkgconfig/robbie_simulator.pc'
[3.814s] Level 1:colcon.colcon_core.environment:checking '/home/sonia/robbie-the-robot-arm/V3/install/robbie_simulator/lib/python3.8/site-packages'
[3.815s] Level 1:colcon.colcon_core.environment:checking '/home/sonia/robbie-the-robot-arm/V3/install/robbie_simulator/bin'
[3.815s] INFO:colcon.colcon_core.shell:Creating package script '/home/sonia/robbie-the-robot-arm/V3/install/robbie_simulator/share/robbie_simulator/package.ps1'
[3.817s] INFO:colcon.colcon_core.shell:Creating package descriptor '/home/sonia/robbie-the-robot-arm/V3/install/robbie_simulator/share/robbie_simulator/package.dsv'
[3.818s] INFO:colcon.colcon_core.shell:Creating package script '/home/sonia/robbie-the-robot-arm/V3/install/robbie_simulator/share/robbie_simulator/package.sh'
[3.819s] INFO:colcon.colcon_core.shell:Creating package script '/home/sonia/robbie-the-robot-arm/V3/install/robbie_simulator/share/robbie_simulator/package.bash'
[3.821s] INFO:colcon.colcon_core.shell:Creating package script '/home/sonia/robbie-the-robot-arm/V3/install/robbie_simulator/share/robbie_simulator/package.zsh'
[3.822s] Level 1:colcon.colcon_core.environment:create_file_with_runtime_dependencies(/home/sonia/robbie-the-robot-arm/V3/install/robbie_simulator/share/colcon-core/packages/robbie_simulator)
[3.833s] DEBUG:colcon.colcon_parallel_executor.executor.parallel:closing loop
[3.834s] DEBUG:colcon.colcon_parallel_executor.executor.parallel:loop closed
[3.834s] DEBUG:colcon.colcon_parallel_executor.executor.parallel:run_until_complete finished with '1'
[3.834s] DEBUG:colcon.colcon_core.event_reactor:joining thread
[3.846s] INFO:colcon.colcon_core.plugin_system:Skipping extension 'colcon_notification.desktop_notification.terminal_notifier': Not used on non-Darwin systems
[3.846s] INFO:colcon.colcon_core.plugin_system:Skipping extension 'colcon_notification.desktop_notification.win32': Not used on non-Windows systems
[3.847s] INFO:colcon.colcon_notification.desktop_notification:Sending desktop notification using 'notify2'
[3.881s] DEBUG:colcon.colcon_core.event_reactor:joined thread
[3.881s] INFO:colcon.colcon_core.shell:Creating prefix script '/home/sonia/robbie-the-robot-arm/V3/install/local_setup.ps1'
[3.883s] INFO:colcon.colcon_core.shell:Creating prefix util module '/home/sonia/robbie-the-robot-arm/V3/install/_local_setup_util_ps1.py'
[3.885s] INFO:colcon.colcon_core.shell:Creating prefix chain script '/home/sonia/robbie-the-robot-arm/V3/install/setup.ps1'
[3.887s] INFO:colcon.colcon_core.shell:Creating prefix script '/home/sonia/robbie-the-robot-arm/V3/install/local_setup.sh'
[3.888s] INFO:colcon.colcon_core.shell:Creating prefix util module '/home/sonia/robbie-the-robot-arm/V3/install/_local_setup_util_sh.py'
[3.889s] INFO:colcon.colcon_core.shell:Creating prefix chain script '/home/sonia/robbie-the-robot-arm/V3/install/setup.sh'
[3.891s] INFO:colcon.colcon_core.shell:Creating prefix script '/home/sonia/robbie-the-robot-arm/V3/install/local_setup.bash'
[3.892s] INFO:colcon.colcon_core.shell:Creating prefix chain script '/home/sonia/robbie-the-robot-arm/V3/install/setup.bash'
[3.893s] INFO:colcon.colcon_core.shell:Creating prefix script '/home/sonia/robbie-the-robot-arm/V3/install/local_setup.zsh'
[3.894s] INFO:colcon.colcon_core.shell:Creating prefix chain script '/home/sonia/robbie-the-robot-arm/V3/install/setup.zsh'
