[0.189s] DEBUG:colcon:Command line arguments: ['/usr/bin/colcon', 'build']
[0.189s] DEBUG:colcon:Parsed command line arguments: Namespace(allow_overriding=[], ament_cmake_args=None, base_paths=['.'], build_base='build', catkin_cmake_args=None, catkin_skip_building_tests=False, cmake_args=None, cmake_clean_cache=False, cmake_clean_first=False, cmake_force_configure=False, cmake_target=None, cmake_target_skip_unavailable=False, continue_on_error=False, event_handlers=None, executor='parallel', ignore_user_meta=False, install_base='install', log_base=None, log_level=None, main=<bound method BuildVerb.main of <colcon_core.verb.build.BuildVerb object at 0x7f59d199f280>>, merge_install=False, metas=['./colcon.meta'], packages_above=None, packages_above_and_dependencies=None, packages_above_depth=None, packages_end=None, packages_ignore=None, packages_ignore_regex=None, packages_select=None, packages_select_build_failed=False, packages_select_by_dep=None, packages_select_regex=None, packages_select_test_failures=False, packages_skip=None, packages_skip_build_finished=False, packages_skip_by_dep=None, packages_skip_regex=None, packages_skip_test_passed=False, packages_skip_up_to=None, packages_start=None, packages_up_to=None, packages_up_to_regex=None, parallel_workers=8, paths=None, symlink_install=False, test_result_base=None, verb_extension=<colcon_core.verb.build.BuildVerb object at 0x7f59d199f280>, verb_name='build', verb_parser=<colcon_defaults.argument_parser.defaults.DefaultArgumentsDecorator object at 0x7f59d192ff10>)
[0.332s] Level 1:colcon.colcon_core.package_discovery:discover_packages(colcon_meta) check parameters
[0.332s] Level 1:colcon.colcon_core.package_discovery:discover_packages(recursive) check parameters
[0.332s] Level 1:colcon.colcon_core.package_discovery:discover_packages(ignore) check parameters
[0.332s] Level 1:colcon.colcon_core.package_discovery:discover_packages(path) check parameters
[0.332s] Level 1:colcon.colcon_core.package_discovery:discover_packages(colcon_meta) discover
[0.332s] Level 1:colcon.colcon_core.package_discovery:discover_packages(recursive) discover
[0.332s] INFO:colcon.colcon_core.package_discovery:Crawling recursively for packages in '/home/sonia/robbie-the-robot-arm/V3'
[0.332s] Level 1:colcon.colcon_core.package_identification:_identify(.) by extensions ['ignore', 'ignore_ament_install']
[0.332s] Level 1:colcon.colcon_core.package_identification:_identify(.) by extension 'ignore'
[0.332s] Level 1:colcon.colcon_core.package_identification:_identify(.) by extension 'ignore_ament_install'
[0.332s] Level 1:colcon.colcon_core.package_identification:_identify(.) by extensions ['colcon_pkg']
[0.333s] Level 1:colcon.colcon_core.package_identification:_identify(.) by extension 'colcon_pkg'
[0.333s] Level 1:colcon.colcon_core.package_identification:_identify(.) by extensions ['colcon_meta']
[0.333s] Level 1:colcon.colcon_core.package_identification:_identify(.) by extension 'colcon_meta'
[0.333s] Level 1:colcon.colcon_core.package_identification:_identify(.) by extensions ['ros']
[0.333s] Level 1:colcon.colcon_core.package_identification:_identify(.) by extension 'ros'
[0.343s] Level 1:colcon.colcon_core.package_identification:_identify(.) by extensions ['cmake', 'python']
[0.343s] Level 1:colcon.colcon_core.package_identification:_identify(.) by extension 'cmake'
[0.343s] Level 1:colcon.colcon_core.package_identification:_identify(.) by extension 'python'
[0.343s] Level 1:colcon.colcon_core.package_identification:_identify(.) by extensions ['python_setup_py']
[0.343s] Level 1:colcon.colcon_core.package_identification:_identify(.) by extension 'python_setup_py'
[0.343s] Level 1:colcon.colcon_core.package_identification:_identify(build) by extensions ['ignore', 'ignore_ament_install']
[0.344s] Level 1:colcon.colcon_core.package_identification:_identify(build) by extension 'ignore'
[0.344s] Level 1:colcon.colcon_core.package_identification:_identify(build) ignored
[0.344s] Level 1:colcon.colcon_core.package_identification:_identify(install) by extensions ['ignore', 'ignore_ament_install']
[0.345s] Level 1:colcon.colcon_core.package_identification:_identify(install) by extension 'ignore'
[0.346s] Level 1:colcon.colcon_core.package_identification:_identify(install) ignored
[0.347s] Level 1:colcon.colcon_core.package_identification:_identify(log) by extensions ['ignore', 'ignore_ament_install']
[0.348s] Level 1:colcon.colcon_core.package_identification:_identify(log) by extension 'ignore'
[0.348s] Level 1:colcon.colcon_core.package_identification:_identify(log) ignored
[0.349s] Level 1:colcon.colcon_core.package_identification:_identify(src) by extensions ['ignore', 'ignore_ament_install']
[0.350s] Level 1:colcon.colcon_core.package_identification:_identify(src) by extension 'ignore'
[0.350s] Level 1:colcon.colcon_core.package_identification:_identify(src) by extension 'ignore_ament_install'
[0.351s] Level 1:colcon.colcon_core.package_identification:_identify(src) by extensions ['colcon_pkg']
[0.351s] Level 1:colcon.colcon_core.package_identification:_identify(src) by extension 'colcon_pkg'
[0.352s] Level 1:colcon.colcon_core.package_identification:_identify(src) by extensions ['colcon_meta']
[0.352s] Level 1:colcon.colcon_core.package_identification:_identify(src) by extension 'colcon_meta'
[0.353s] Level 1:colcon.colcon_core.package_identification:_identify(src) by extensions ['ros']
[0.353s] Level 1:colcon.colcon_core.package_identification:_identify(src) by extension 'ros'
[0.353s] Level 1:colcon.colcon_core.package_identification:_identify(src) by extensions ['cmake', 'python']
[0.354s] Level 1:colcon.colcon_core.package_identification:_identify(src) by extension 'cmake'
[0.354s] Level 1:colcon.colcon_core.package_identification:_identify(src) by extension 'python'
[0.355s] Level 1:colcon.colcon_core.package_identification:_identify(src) by extensions ['python_setup_py']
[0.355s] Level 1:colcon.colcon_core.package_identification:_identify(src) by extension 'python_setup_py'
[0.356s] Level 1:colcon.colcon_core.package_identification:_identify(src/robbie_simulator) by extensions ['ignore', 'ignore_ament_install']
[0.356s] Level 1:colcon.colcon_core.package_identification:_identify(src/robbie_simulator) by extension 'ignore'
[0.357s] Level 1:colcon.colcon_core.package_identification:_identify(src/robbie_simulator) by extension 'ignore_ament_install'
[0.357s] Level 1:colcon.colcon_core.package_identification:_identify(src/robbie_simulator) by extensions ['colcon_pkg']
[0.357s] Level 1:colcon.colcon_core.package_identification:_identify(src/robbie_simulator) by extension 'colcon_pkg'
[0.357s] Level 1:colcon.colcon_core.package_identification:_identify(src/robbie_simulator) by extensions ['colcon_meta']
[0.358s] Level 1:colcon.colcon_core.package_identification:_identify(src/robbie_simulator) by extension 'colcon_meta'
[0.358s] Level 1:colcon.colcon_core.package_identification:_identify(src/robbie_simulator) by extensions ['ros']
[0.358s] Level 1:colcon.colcon_core.package_identification:_identify(src/robbie_simulator) by extension 'ros'
[0.364s] DEBUG:colcon.colcon_core.package_identification:Package 'src/robbie_simulator' with type 'ros.ament_cmake' and name 'robbie_simulator'
[0.365s] Level 1:colcon.colcon_core.package_discovery:discover_packages(recursive) using defaults
[0.365s] Level 1:colcon.colcon_core.package_discovery:discover_packages(ignore) discover
[0.365s] Level 1:colcon.colcon_core.package_discovery:discover_packages(ignore) using defaults
[0.365s] Level 1:colcon.colcon_core.package_discovery:discover_packages(path) discover
[0.365s] Level 1:colcon.colcon_core.package_discovery:discover_packages(path) using defaults
[0.386s] Level 1:colcon.colcon_core.package_discovery:discover_packages(prefix_path) check parameters
[0.386s] Level 1:colcon.colcon_core.package_discovery:discover_packages(prefix_path) discover
[0.388s] DEBUG:colcon.colcon_installed_package_information.package_discovery:Found 1 installed packages in /home/sonia/robbie-the-robot-arm/V3/install
[0.389s] DEBUG:colcon.colcon_installed_package_information.package_discovery:Found 272 installed packages in /opt/ros/foxy
[0.390s] Level 1:colcon.colcon_core.package_discovery:discover_packages(prefix_path) using defaults
[0.468s] Level 5:colcon.colcon_core.verb:set package 'robbie_simulator' build argument 'cmake_args' from command line to 'None'
[0.468s] Level 5:colcon.colcon_core.verb:set package 'robbie_simulator' build argument 'cmake_target' from command line to 'None'
[0.468s] Level 5:colcon.colcon_core.verb:set package 'robbie_simulator' build argument 'cmake_target_skip_unavailable' from command line to 'False'
[0.468s] Level 5:colcon.colcon_core.verb:set package 'robbie_simulator' build argument 'cmake_clean_cache' from command line to 'False'
[0.468s] Level 5:colcon.colcon_core.verb:set package 'robbie_simulator' build argument 'cmake_clean_first' from command line to 'False'
[0.468s] Level 5:colcon.colcon_core.verb:set package 'robbie_simulator' build argument 'cmake_force_configure' from command line to 'False'
[0.468s] Level 5:colcon.colcon_core.verb:set package 'robbie_simulator' build argument 'ament_cmake_args' from command line to 'None'
[0.468s] Level 5:colcon.colcon_core.verb:set package 'robbie_simulator' build argument 'catkin_cmake_args' from command line to 'None'
[0.468s] Level 5:colcon.colcon_core.verb:set package 'robbie_simulator' build argument 'catkin_skip_building_tests' from command line to 'False'
[0.468s] DEBUG:colcon.colcon_core.verb:Building package 'robbie_simulator' with the following arguments: {'ament_cmake_args': None, 'build_base': '/home/sonia/robbie-the-robot-arm/V3/build/robbie_simulator', 'catkin_cmake_args': None, 'catkin_skip_building_tests': False, 'cmake_args': None, 'cmake_clean_cache': False, 'cmake_clean_first': False, 'cmake_force_configure': False, 'cmake_target': None, 'cmake_target_skip_unavailable': False, 'install_base': '/home/sonia/robbie-the-robot-arm/V3/install/robbie_simulator', 'merge_install': False, 'path': '/home/sonia/robbie-the-robot-arm/V3/src/robbie_simulator', 'symlink_install': False, 'test_result_base': None}
[0.468s] INFO:colcon.colcon_core.executor:Executing jobs using 'parallel' executor
[0.469s] DEBUG:colcon.colcon_parallel_executor.executor.parallel:run_until_complete
[0.469s] INFO:colcon.colcon_ros.task.ament_cmake.build:Building ROS package in '/home/sonia/robbie-the-robot-arm/V3/src/robbie_simulator' with build type 'ament_cmake'
[0.470s] INFO:colcon.colcon_cmake.task.cmake.build:Building CMake package in '/home/sonia/robbie-the-robot-arm/V3/src/robbie_simulator'
[0.471s] INFO:colcon.colcon_core.plugin_system:Skipping extension 'colcon_core.shell.bat': Not used on non-Windows systems
[0.472s] INFO:colcon.colcon_core.shell:Skip shell extension 'powershell' for command environment: Not usable outside of PowerShell
[0.472s] DEBUG:colcon.colcon_core.shell:Skip shell extension 'dsv' for command environment
[0.485s] DEBUG:colcon.colcon_core.event_handler.log_command:Invoking command in '/home/sonia/robbie-the-robot-arm/V3/build/robbie_simulator': CMAKE_PREFIX_PATH=${CMAKE_PREFIX_PATH}:/opt/ros/foxy /usr/bin/cmake --build /home/sonia/robbie-the-robot-arm/V3/build/robbie_simulator -- -j8 -l8
[0.539s] DEBUG:colcon.colcon_core.event_handler.log_command:Invoked command in '/home/sonia/robbie-the-robot-arm/V3/build/robbie_simulator' returned '0': CMAKE_PREFIX_PATH=${CMAKE_PREFIX_PATH}:/opt/ros/foxy /usr/bin/cmake --build /home/sonia/robbie-the-robot-arm/V3/build/robbie_simulator -- -j8 -l8
[0.585s] DEBUG:colcon.colcon_core.event_handler.log_command:Invoking command in '/home/sonia/robbie-the-robot-arm/V3/build/robbie_simulator': CMAKE_PREFIX_PATH=${CMAKE_PREFIX_PATH}:/opt/ros/foxy /usr/bin/cmake --install /home/sonia/robbie-the-robot-arm/V3/build/robbie_simulator
[0.598s] Level 1:colcon.colcon_core.environment:create_environment_scripts_only(robbie_simulator)
[0.599s] DEBUG:colcon.colcon_core.event_handler.log_command:Invoked command in '/home/sonia/robbie-the-robot-arm/V3/build/robbie_simulator' returned '0': CMAKE_PREFIX_PATH=${CMAKE_PREFIX_PATH}:/opt/ros/foxy /usr/bin/cmake --install /home/sonia/robbie-the-robot-arm/V3/build/robbie_simulator
[0.602s] Level 1:colcon.colcon_core.environment:checking '/home/sonia/robbie-the-robot-arm/V3/install/robbie_simulator' for CMake module files
[0.603s] Level 1:colcon.colcon_core.environment:checking '/home/sonia/robbie-the-robot-arm/V3/install/robbie_simulator' for CMake config files
[0.603s] Level 1:colcon.colcon_core.shell:create_environment_hook('robbie_simulator', 'cmake_prefix_path')
[0.604s] INFO:colcon.colcon_core.shell:Creating environment hook '/home/sonia/robbie-the-robot-arm/V3/install/robbie_simulator/share/robbie_simulator/hook/cmake_prefix_path.ps1'
[0.604s] INFO:colcon.colcon_core.shell:Creating environment descriptor '/home/sonia/robbie-the-robot-arm/V3/install/robbie_simulator/share/robbie_simulator/hook/cmake_prefix_path.dsv'
[0.605s] INFO:colcon.colcon_core.shell:Creating environment hook '/home/sonia/robbie-the-robot-arm/V3/install/robbie_simulator/share/robbie_simulator/hook/cmake_prefix_path.sh'
[0.606s] Level 1:colcon.colcon_core.environment:checking '/home/sonia/robbie-the-robot-arm/V3/install/robbie_simulator/lib'
[0.606s] Level 1:colcon.colcon_core.environment:checking '/home/sonia/robbie-the-robot-arm/V3/install/robbie_simulator/bin'
[0.606s] Level 1:colcon.colcon_core.environment:checking '/home/sonia/robbie-the-robot-arm/V3/install/robbie_simulator/lib/pkgconfig/robbie_simulator.pc'
[0.607s] Level 1:colcon.colcon_core.environment:checking '/home/sonia/robbie-the-robot-arm/V3/install/robbie_simulator/lib/python3.8/site-packages'
[0.607s] Level 1:colcon.colcon_core.environment:checking '/home/sonia/robbie-the-robot-arm/V3/install/robbie_simulator/bin'
[0.607s] INFO:colcon.colcon_core.shell:Creating package script '/home/sonia/robbie-the-robot-arm/V3/install/robbie_simulator/share/robbie_simulator/package.ps1'
[0.608s] INFO:colcon.colcon_core.shell:Creating package descriptor '/home/sonia/robbie-the-robot-arm/V3/install/robbie_simulator/share/robbie_simulator/package.dsv'
[0.609s] INFO:colcon.colcon_core.shell:Creating package script '/home/sonia/robbie-the-robot-arm/V3/install/robbie_simulator/share/robbie_simulator/package.sh'
[0.610s] INFO:colcon.colcon_core.shell:Creating package script '/home/sonia/robbie-the-robot-arm/V3/install/robbie_simulator/share/robbie_simulator/package.bash'
[0.611s] INFO:colcon.colcon_core.shell:Creating package script '/home/sonia/robbie-the-robot-arm/V3/install/robbie_simulator/share/robbie_simulator/package.zsh'
[0.612s] Level 1:colcon.colcon_core.environment:create_file_with_runtime_dependencies(/home/sonia/robbie-the-robot-arm/V3/install/robbie_simulator/share/colcon-core/packages/robbie_simulator)
[0.641s] Level 1:colcon.colcon_core.environment:create_environment_scripts_only(robbie_simulator)
[0.641s] Level 1:colcon.colcon_core.environment:checking '/home/sonia/robbie-the-robot-arm/V3/install/robbie_simulator' for CMake module files
[0.642s] Level 1:colcon.colcon_core.environment:checking '/home/sonia/robbie-the-robot-arm/V3/install/robbie_simulator' for CMake config files
[0.642s] Level 1:colcon.colcon_core.shell:create_environment_hook('robbie_simulator', 'cmake_prefix_path')
[0.642s] INFO:colcon.colcon_core.shell:Creating environment hook '/home/sonia/robbie-the-robot-arm/V3/install/robbie_simulator/share/robbie_simulator/hook/cmake_prefix_path.ps1'
[0.643s] INFO:colcon.colcon_core.shell:Creating environment descriptor '/home/sonia/robbie-the-robot-arm/V3/install/robbie_simulator/share/robbie_simulator/hook/cmake_prefix_path.dsv'
[0.643s] INFO:colcon.colcon_core.shell:Creating environment hook '/home/sonia/robbie-the-robot-arm/V3/install/robbie_simulator/share/robbie_simulator/hook/cmake_prefix_path.sh'
[0.644s] Level 1:colcon.colcon_core.environment:checking '/home/sonia/robbie-the-robot-arm/V3/install/robbie_simulator/lib'
[0.644s] Level 1:colcon.colcon_core.environment:checking '/home/sonia/robbie-the-robot-arm/V3/install/robbie_simulator/bin'
[0.644s] Level 1:colcon.colcon_core.environment:checking '/home/sonia/robbie-the-robot-arm/V3/install/robbie_simulator/lib/pkgconfig/robbie_simulator.pc'
[0.645s] Level 1:colcon.colcon_core.environment:checking '/home/sonia/robbie-the-robot-arm/V3/install/robbie_simulator/lib/python3.8/site-packages'
[0.645s] Level 1:colcon.colcon_core.environment:checking '/home/sonia/robbie-the-robot-arm/V3/install/robbie_simulator/bin'
[0.645s] INFO:colcon.colcon_core.shell:Creating package script '/home/sonia/robbie-the-robot-arm/V3/install/robbie_simulator/share/robbie_simulator/package.ps1'
[0.646s] INFO:colcon.colcon_core.shell:Creating package descriptor '/home/sonia/robbie-the-robot-arm/V3/install/robbie_simulator/share/robbie_simulator/package.dsv'
[0.647s] INFO:colcon.colcon_core.shell:Creating package script '/home/sonia/robbie-the-robot-arm/V3/install/robbie_simulator/share/robbie_simulator/package.sh'
[0.647s] INFO:colcon.colcon_core.shell:Creating package script '/home/sonia/robbie-the-robot-arm/V3/install/robbie_simulator/share/robbie_simulator/package.bash'
[0.648s] INFO:colcon.colcon_core.shell:Creating package script '/home/sonia/robbie-the-robot-arm/V3/install/robbie_simulator/share/robbie_simulator/package.zsh'
[0.648s] Level 1:colcon.colcon_core.environment:create_file_with_runtime_dependencies(/home/sonia/robbie-the-robot-arm/V3/install/robbie_simulator/share/colcon-core/packages/robbie_simulator)
[0.648s] DEBUG:colcon.colcon_parallel_executor.executor.parallel:closing loop
[0.649s] DEBUG:colcon.colcon_parallel_executor.executor.parallel:loop closed
[0.649s] DEBUG:colcon.colcon_parallel_executor.executor.parallel:run_until_complete finished with '0'
[0.649s] DEBUG:colcon.colcon_core.event_reactor:joining thread
[0.656s] INFO:colcon.colcon_core.plugin_system:Skipping extension 'colcon_notification.desktop_notification.terminal_notifier': Not used on non-Darwin systems
[0.656s] INFO:colcon.colcon_core.plugin_system:Skipping extension 'colcon_notification.desktop_notification.win32': Not used on non-Windows systems
[0.656s] INFO:colcon.colcon_notification.desktop_notification:Sending desktop notification using 'notify2'
[0.677s] DEBUG:colcon.colcon_core.event_reactor:joined thread
[0.678s] INFO:colcon.colcon_core.shell:Creating prefix script '/home/sonia/robbie-the-robot-arm/V3/install/local_setup.ps1'
[0.679s] INFO:colcon.colcon_core.shell:Creating prefix util module '/home/sonia/robbie-the-robot-arm/V3/install/_local_setup_util_ps1.py'
[0.681s] INFO:colcon.colcon_core.shell:Creating prefix chain script '/home/sonia/robbie-the-robot-arm/V3/install/setup.ps1'
[0.682s] INFO:colcon.colcon_core.shell:Creating prefix script '/home/sonia/robbie-the-robot-arm/V3/install/local_setup.sh'
[0.683s] INFO:colcon.colcon_core.shell:Creating prefix util module '/home/sonia/robbie-the-robot-arm/V3/install/_local_setup_util_sh.py'
[0.683s] INFO:colcon.colcon_core.shell:Creating prefix chain script '/home/sonia/robbie-the-robot-arm/V3/install/setup.sh'
[0.684s] INFO:colcon.colcon_core.shell:Creating prefix script '/home/sonia/robbie-the-robot-arm/V3/install/local_setup.bash'
[0.685s] INFO:colcon.colcon_core.shell:Creating prefix chain script '/home/sonia/robbie-the-robot-arm/V3/install/setup.bash'
[0.686s] INFO:colcon.colcon_core.shell:Creating prefix script '/home/sonia/robbie-the-robot-arm/V3/install/local_setup.zsh'
[0.687s] INFO:colcon.colcon_core.shell:Creating prefix chain script '/home/sonia/robbie-the-robot-arm/V3/install/setup.zsh'
