[0.015s] Invoking command in '/home/sonia/robbie-the-robot-arm/V3/build/robbie_simulator': CMAKE_PREFIX_PATH=${CMAKE_PREFIX_PATH}:/opt/ros/foxy /usr/bin/cmake --build /home/sonia/robbie-the-robot-arm/V3/build/robbie_simulator -- -j8 -l8
[0.051s] -- Found ament_cmake: 0.9.12 (/opt/ros/foxy/share/ament_cmake/cmake)
[0.077s] -- Using PYTHON_EXECUTABLE: /usr/bin/python3
[0.291s] -- Found rclpy: 1.0.13 (/opt/ros/foxy/share/rclpy/cmake)
[0.291s] -- Found std_msgs: 2.0.5 (/opt/ros/foxy/share/std_msgs/cmake)
[0.322s] -- Using all available rosidl_typesupport_c: rosidl_typesupport_fastrtps_c;rosidl_typesupport_introspection_c
[0.327s] -- Found rosidl_adapter: 1.3.1 (/opt/ros/foxy/share/rosidl_adapter/cmake)
[0.511s] -- Using all available rosidl_typesupport_cpp: rosidl_typesupport_fastrtps_cpp;rosidl_typesupport_introspection_cpp
[0.575s] -- Found gazebo_ros: 3.5.3 (/opt/ros/foxy/share/gazebo_ros/cmake)
[0.614s] -- Found rmw_implementation_cmake: 1.0.4 (/opt/ros/foxy/share/rmw_implementation_cmake/cmake)
[0.624s] -- Using RMW implementation 'rmw_fastrtps_cpp' as default
[0.854s] -- Found DART: /usr/include (Required is at least version "6.6") found components: dart 
[0.886s] -- Found Protobuf: /usr/lib/x86_64-linux-gnu/libprotobuf.so;-lpthread (found version "3.6.1") 
[0.888s] -- Looking for ignition-math6 -- found version 6.15.1
[0.893s] -- Searching for dependencies of ignition-math6
[0.894s] -- Looking for OGRE...
[0.900s] -- Found Ogre Ghadamon (1.9.0)
[0.900s] -- Found OGRE: optimized;/usr/lib/x86_64-linux-gnu/libOgreMain.so;debug;/usr/lib/x86_64-linux-gnu/libOgreMain.so
[0.911s] -- Looking for OGRE_Paging...
[0.911s] -- Found OGRE_Paging: optimized;/usr/lib/x86_64-linux-gnu/libOgrePaging.so;debug;/usr/lib/x86_64-linux-gnu/libOgrePaging.so
[0.912s] -- Looking for OGRE_Terrain...
[0.914s] -- Found OGRE_Terrain: optimized;/usr/lib/x86_64-linux-gnu/libOgreTerrain.so;debug;/usr/lib/x86_64-linux-gnu/libOgreTerrain.so
[0.915s] -- Looking for OGRE_Property...
[0.916s] -- Found OGRE_Property: optimized;/usr/lib/x86_64-linux-gnu/libOgreProperty.so;debug;/usr/lib/x86_64-linux-gnu/libOgreProperty.so
[0.918s] -- Looking for OGRE_RTShaderSystem...
[0.919s] -- Found OGRE_RTShaderSystem: optimized;/usr/lib/x86_64-linux-gnu/libOgreRTShaderSystem.so;debug;/usr/lib/x86_64-linux-gnu/libOgreRTShaderSystem.so
[0.919s] -- Looking for OGRE_Volume...
[0.920s] -- Found OGRE_Volume: optimized;/usr/lib/x86_64-linux-gnu/libOgreVolume.so;debug;/usr/lib/x86_64-linux-gnu/libOgreVolume.so
[0.920s] -- Looking for OGRE_Overlay...
[0.921s] -- Found OGRE_Overlay: optimized;/usr/lib/x86_64-linux-gnu/libOgreOverlay.so;debug;/usr/lib/x86_64-linux-gnu/libOgreOverlay.so
[1.050s] -- Looking for ignition-math6 -- found version 6.15.1
[1.050s] -- Looking for ignition-transport8 -- found version 8.3.0
[1.050s] -- Searching for dependencies of ignition-transport8
[1.069s] -- Found Protobuf: /usr/lib/x86_64-linux-gnu/libprotobuf.so;-lpthread (found suitable version "3.6.1", minimum required is "3") 
[1.081s] -- Config-file not installed for ZeroMQ -- checking for pkg-config
[1.086s] -- Checking for module 'libzmq >= 4'
[1.102s] --   Found libzmq , version 4.3.2
[1.152s] -- Checking for module 'uuid'
[1.168s] --   Found uuid, version 2.34.0
[1.210s] -- Looking for ignition-msgs5 -- found version 5.10.0
[1.211s] -- Searching for dependencies of ignition-msgs5
[1.231s] -- Looking for ignition-math6 -- found version 6.15.1
[1.237s] -- Checking for module 'tinyxml2'
[1.255s] --   Found tinyxml2, version 6.2.0
[1.303s] -- Looking for ignition-msgs5 -- found version 5.10.0
[1.303s] -- Looking for ignition-common3 -- found version 3.14.2
[1.304s] -- Searching for dependencies of ignition-common3
[1.304s] -- Looking for dlfcn.h - found
[1.304s] -- Looking for libdl - found
[1.317s] -- Searching for <ignition-common3> component [graphics]
[1.318s] -- Looking for ignition-common3-graphics -- found version 3.14.2
[1.318s] -- Searching for dependencies of ignition-common3-graphics
[1.319s] -- Looking for ignition-math6 -- found version 6.15.1
[1.320s] -- Looking for ignition-fuel_tools4 -- found version 4.6.0
[1.321s] -- Searching for dependencies of ignition-fuel_tools4
[1.356s] -- Checking for module 'jsoncpp'
[1.375s] --   Found jsoncpp, version 1.7.4
[1.430s] -- Checking for module 'libzip'
[1.450s] --   Found libzip, version 1.5.1
[1.499s] -- Looking for ignition-common3 -- found version 3.14.2
[1.499s] -- Looking for ignition-math6 -- found version 6.15.1
[1.500s] -- Looking for ignition-msgs5 -- found version 5.10.0
[1.501s] -- Gazebo version: 11.11
[1.510s] -- Found robot_state_publisher: 2.4.5 (/opt/ros/foxy/share/robot_state_publisher/cmake)
[1.513s] -- Found eigen3_cmake_module: 0.1.1 (/opt/ros/foxy/share/eigen3_cmake_module/cmake)
[2.123s] -- Found ament_lint_auto: 0.9.8 (/opt/ros/foxy/share/ament_lint_auto/cmake)
[2.195s] -- Configuring done
[2.198s] -- Generating done
[2.201s] -- Build files have been written to: /home/sonia/robbie-the-robot-arm/V3/build/robbie_simulator
[2.236s] Invoked command in '/home/sonia/robbie-the-robot-arm/V3/build/robbie_simulator' returned '0': CMAKE_PREFIX_PATH=${CMAKE_PREFIX_PATH}:/opt/ros/foxy /usr/bin/cmake --build /home/sonia/robbie-the-robot-arm/V3/build/robbie_simulator -- -j8 -l8
[2.281s] Invoking command in '/home/sonia/robbie-the-robot-arm/V3/build/robbie_simulator': CMAKE_PREFIX_PATH=${CMAKE_PREFIX_PATH}:/opt/ros/foxy /usr/bin/cmake --install /home/sonia/robbie-the-robot-arm/V3/build/robbie_simulator
[2.291s] -- Install configuration: ""
[2.291s] CMake Error at cmake_install.cmake:41 (file):
[2.291s]   file INSTALL cannot find
[2.291s]   "/home/sonia/robbie-the-robot-arm/V3/src/robbie_simulator/src/robbie_simulator/src/scripts/move_robot_arm.py":
[2.291s]   No such file or directory.
[2.292s] 
[2.292s] 
[2.293s] Invoked command in '/home/sonia/robbie-the-robot-arm/V3/build/robbie_simulator' returned '1': CMAKE_PREFIX_PATH=${CMAKE_PREFIX_PATH}:/opt/ros/foxy /usr/bin/cmake --install /home/sonia/robbie-the-robot-arm/V3/build/robbie_simulator
