[0.015s] Invoking command in '/home/sonia/robbie-the-robot-arm/V3/build/robbie_simulator': CMAKE_PREFIX_PATH=${CMAKE_PREFIX_PATH}:/opt/ros/foxy /usr/bin/cmake --build /home/sonia/robbie-the-robot-arm/V3/build/robbie_simulator -- -j8 -l8
[0.052s] -- Found ament_cmake: 0.9.12 (/opt/ros/foxy/share/ament_cmake/cmake)
[0.078s] -- Using PYTHON_EXECUTABLE: /usr/bin/python3
[0.308s] -- Found rclpy: 1.0.13 (/opt/ros/foxy/share/rclpy/cmake)
[0.308s] -- Found std_msgs: 2.0.5 (/opt/ros/foxy/share/std_msgs/cmake)
[0.342s] -- Using all available rosidl_typesupport_c: rosidl_typesupport_fastrtps_c;rosidl_typesupport_introspection_c
[0.348s] -- Found rosidl_adapter: 1.3.1 (/opt/ros/foxy/share/rosidl_adapter/cmake)
[0.629s] -- Using all available rosidl_typesupport_cpp: rosidl_typesupport_fastrtps_cpp;rosidl_typesupport_introspection_cpp
[0.673s] -- Found gazebo_ros: 3.5.3 (/opt/ros/foxy/share/gazebo_ros/cmake)
[0.741s] -- Found rmw_implementation_cmake: 1.0.4 (/opt/ros/foxy/share/rmw_implementation_cmake/cmake)
[0.742s] -- Using RMW implementation 'rmw_fastrtps_cpp' as default
[0.918s] -- Found DART: /usr/include (Required is at least version "6.6") found components: dart 
[0.948s] -- Found Protobuf: /usr/lib/x86_64-linux-gnu/libprotobuf.so;-lpthread (found version "3.6.1") 
[0.950s] -- Looking for ignition-math6 -- found version 6.15.1
[0.954s] -- Searching for dependencies of ignition-math6
[0.956s] -- Looking for OGRE...
[0.962s] -- Found Ogre Ghadamon (1.9.0)
[0.962s] -- Found OGRE: optimized;/usr/lib/x86_64-linux-gnu/libOgreMain.so;debug;/usr/lib/x86_64-linux-gnu/libOgreMain.so
[0.973s] -- Looking for OGRE_Paging...
[0.973s] -- Found OGRE_Paging: optimized;/usr/lib/x86_64-linux-gnu/libOgrePaging.so;debug;/usr/lib/x86_64-linux-gnu/libOgrePaging.so
[0.973s] -- Looking for OGRE_Terrain...
[0.973s] -- Found OGRE_Terrain: optimized;/usr/lib/x86_64-linux-gnu/libOgreTerrain.so;debug;/usr/lib/x86_64-linux-gnu/libOgreTerrain.so
[0.973s] -- Looking for OGRE_Property...
[0.974s] -- Found OGRE_Property: optimized;/usr/lib/x86_64-linux-gnu/libOgreProperty.so;debug;/usr/lib/x86_64-linux-gnu/libOgreProperty.so
[0.974s] -- Looking for OGRE_RTShaderSystem...
[0.974s] -- Found OGRE_RTShaderSystem: optimized;/usr/lib/x86_64-linux-gnu/libOgreRTShaderSystem.so;debug;/usr/lib/x86_64-linux-gnu/libOgreRTShaderSystem.so
[0.974s] -- Looking for OGRE_Volume...
[0.974s] -- Found OGRE_Volume: optimized;/usr/lib/x86_64-linux-gnu/libOgreVolume.so;debug;/usr/lib/x86_64-linux-gnu/libOgreVolume.so
[0.974s] -- Looking for OGRE_Overlay...
[0.974s] -- Found OGRE_Overlay: optimized;/usr/lib/x86_64-linux-gnu/libOgreOverlay.so;debug;/usr/lib/x86_64-linux-gnu/libOgreOverlay.so
[1.084s] -- Looking for ignition-math6 -- found version 6.15.1
[1.085s] -- Looking for ignition-transport8 -- found version 8.3.0
[1.085s] -- Searching for dependencies of ignition-transport8
[1.103s] -- Found Protobuf: /usr/lib/x86_64-linux-gnu/libprotobuf.so;-lpthread (found suitable version "3.6.1", minimum required is "3") 
[1.115s] -- Config-file not installed for ZeroMQ -- checking for pkg-config
[1.119s] -- Checking for module 'libzmq >= 4'
[1.151s] --   Found libzmq , version 4.3.2
[1.210s] -- Checking for module 'uuid'
[1.230s] --   Found uuid, version 2.34.0
[1.282s] -- Looking for ignition-msgs5 -- found version 5.10.0
[1.282s] -- Searching for dependencies of ignition-msgs5
[1.308s] -- Looking for ignition-math6 -- found version 6.15.1
[1.314s] -- Checking for module 'tinyxml2'
[1.333s] --   Found tinyxml2, version 6.2.0
[1.383s] -- Looking for ignition-msgs5 -- found version 5.10.0
[1.383s] -- Looking for ignition-common3 -- found version 3.14.2
[1.384s] -- Searching for dependencies of ignition-common3
[1.384s] -- Looking for dlfcn.h - found
[1.384s] -- Looking for libdl - found
[1.395s] -- Searching for <ignition-common3> component [graphics]
[1.396s] -- Looking for ignition-common3-graphics -- found version 3.14.2
[1.396s] -- Searching for dependencies of ignition-common3-graphics
[1.397s] -- Looking for ignition-math6 -- found version 6.15.1
[1.398s] -- Looking for ignition-fuel_tools4 -- found version 4.6.0
[1.399s] -- Searching for dependencies of ignition-fuel_tools4
[1.433s] -- Checking for module 'jsoncpp'
[1.452s] --   Found jsoncpp, version 1.7.4
[1.506s] -- Checking for module 'libzip'
[1.525s] --   Found libzip, version 1.5.1
[1.582s] -- Looking for ignition-common3 -- found version 3.14.2
[1.583s] -- Looking for ignition-math6 -- found version 6.15.1
[1.583s] -- Looking for ignition-msgs5 -- found version 5.10.0
[1.585s] -- Gazebo version: 11.11
[1.598s] -- Found robot_state_publisher: 2.4.5 (/opt/ros/foxy/share/robot_state_publisher/cmake)
[1.601s] -- Found eigen3_cmake_module: 0.1.1 (/opt/ros/foxy/share/eigen3_cmake_module/cmake)
[2.176s] -- Found ament_lint_auto: 0.9.8 (/opt/ros/foxy/share/ament_lint_auto/cmake)
[2.235s] -- Configuring done
[2.238s] -- Generating done
[2.241s] -- Build files have been written to: /home/sonia/robbie-the-robot-arm/V3/build/robbie_simulator
[2.276s] Invoked command in '/home/sonia/robbie-the-robot-arm/V3/build/robbie_simulator' returned '0': CMAKE_PREFIX_PATH=${CMAKE_PREFIX_PATH}:/opt/ros/foxy /usr/bin/cmake --build /home/sonia/robbie-the-robot-arm/V3/build/robbie_simulator -- -j8 -l8
[2.322s] Invoking command in '/home/sonia/robbie-the-robot-arm/V3/build/robbie_simulator': CMAKE_PREFIX_PATH=${CMAKE_PREFIX_PATH}:/opt/ros/foxy /usr/bin/cmake --install /home/sonia/robbie-the-robot-arm/V3/build/robbie_simulator
[2.333s] -- Install configuration: ""
[2.333s] CMake Error at cmake_install.cmake:41 (file):
[2.333s]   file INSTALL cannot find
[2.334s]   "/home/sonia/robbie-the-robot-arm/V3/src/robbie_simulator/launch": No such
[2.334s]   file or directory.
[2.334s] 
[2.334s] 
[2.336s] Invoked command in '/home/sonia/robbie-the-robot-arm/V3/build/robbie_simulator' returned '1': CMAKE_PREFIX_PATH=${CMAKE_PREFIX_PATH}:/opt/ros/foxy /usr/bin/cmake --install /home/sonia/robbie-the-robot-arm/V3/build/robbie_simulator
