[0.014s] Invoking command in '/home/sonia/robbie-the-robot-arm/V3/build/robbie_simulator': CMAKE_PREFIX_PATH=${CMAKE_PREFIX_PATH}:/opt/ros/foxy /usr/bin/cmake --build /home/sonia/robbie-the-robot-arm/V3/build/robbie_simulator -- -j8 -l8
[0.042s] -- Found ament_cmake: 0.9.12 (/opt/ros/foxy/share/ament_cmake/cmake)
[0.068s] -- Using PYTHON_EXECUTABLE: /usr/bin/python3
[0.544s] -- Found rclpy: 1.0.13 (/opt/ros/foxy/share/rclpy/cmake)
[0.564s] -- Found std_msgs: 2.0.5 (/opt/ros/foxy/share/std_msgs/cmake)
[0.873s] -- Using all available rosidl_typesupport_c: rosidl_typesupport_fastrtps_c;rosidl_typesupport_introspection_c
[0.929s] -- Found rosidl_adapter: 1.3.1 (/opt/ros/foxy/share/rosidl_adapter/cmake)
[1.226s] -- Found OpenSSL: /usr/lib/x86_64-linux-gnu/libcrypto.so (found version "1.1.1f")  
[1.263s] -- Found FastRTPS: /opt/ros/foxy/include  
[1.428s] -- Using all available rosidl_typesupport_cpp: rosidl_typesupport_fastrtps_cpp;rosidl_typesupport_introspection_cpp
[1.511s] -- Found gazebo_ros: 3.5.3 (/opt/ros/foxy/share/gazebo_ros/cmake)
[1.628s] -- Found rmw_implementation_cmake: 1.0.4 (/opt/ros/foxy/share/rmw_implementation_cmake/cmake)
[1.630s] -- Using RMW implementation 'rmw_fastrtps_cpp' as default
[1.630s] -- Looking for pthread.h
[2.074s] -- Looking for pthread.h - found
[2.074s] -- Performing Test CMAKE_HAVE_LIBC_PTHREAD
[2.166s] -- Performing Test CMAKE_HAVE_LIBC_PTHREAD - Failed
[2.166s] -- Looking for pthread_create in pthreads
[2.242s] -- Looking for pthread_create in pthreads - not found
[2.243s] -- Looking for pthread_create in pthread
[2.363s] -- Looking for pthread_create in pthread - found
[2.365s] -- Found Threads: TRUE  
[2.832s] -- Found PkgConfig: /usr/bin/pkg-config (found version "0.29.1") 
[2.835s] -- Checking for module 'bullet>=2.82'
[2.915s] --   Found bullet, version 2.88
[3.325s] -- Found ccd: /usr/include (found suitable version "2.0", minimum required is "2.0") 
[3.459s] -- Found fcl: /usr/include (found suitable version "0.5.0", minimum required is "0.3.2") 
[3.732s] -- Found assimp: /usr/include (found version "5.0.0") 
[4.053s] -- Found DART: /usr/include (Required is at least version "6.6") found components: dart 
[4.260s] -- Found Boost: /usr/lib/x86_64-linux-gnu/cmake/Boost-1.71.0/BoostConfig.cmake (found suitable version "1.71.0", minimum required is "1.40.0") found components: thread system filesystem program_options regex iostreams date_time 
[4.394s] -- Found Protobuf: /usr/lib/x86_64-linux-gnu/libprotobuf.so;-lpthread (found version "3.6.1") 
[4.467s] -- Looking for ignition-math6 -- found version 6.15.1
[4.602s] -- Searching for dependencies of ignition-math6
[4.613s] -- Looking for OGRE...
[4.618s] -- OGRE_PREFIX_WATCH changed.
[4.639s] -- Checking for module 'OGRE'
[4.686s] --   Found OGRE, version 1.9.0
[4.798s] -- Found Ogre Ghadamon (1.9.0)
[4.866s] -- Found OGRE: optimized;/usr/lib/x86_64-linux-gnu/libOgreMain.so;debug;/usr/lib/x86_64-linux-gnu/libOgreMain.so
[4.884s] -- Looking for OGRE_Paging...
[4.892s] -- Found OGRE_Paging: optimized;/usr/lib/x86_64-linux-gnu/libOgrePaging.so;debug;/usr/lib/x86_64-linux-gnu/libOgrePaging.so
[4.892s] -- Looking for OGRE_Terrain...
[4.899s] -- Found OGRE_Terrain: optimized;/usr/lib/x86_64-linux-gnu/libOgreTerrain.so;debug;/usr/lib/x86_64-linux-gnu/libOgreTerrain.so
[4.899s] -- Looking for OGRE_Property...
[4.907s] -- Found OGRE_Property: optimized;/usr/lib/x86_64-linux-gnu/libOgreProperty.so;debug;/usr/lib/x86_64-linux-gnu/libOgreProperty.so
[4.907s] -- Looking for OGRE_RTShaderSystem...
[4.914s] -- Found OGRE_RTShaderSystem: optimized;/usr/lib/x86_64-linux-gnu/libOgreRTShaderSystem.so;debug;/usr/lib/x86_64-linux-gnu/libOgreRTShaderSystem.so
[4.914s] -- Looking for OGRE_Volume...
[4.921s] -- Found OGRE_Volume: optimized;/usr/lib/x86_64-linux-gnu/libOgreVolume.so;debug;/usr/lib/x86_64-linux-gnu/libOgreVolume.so
[4.921s] -- Looking for OGRE_Overlay...
[4.927s] -- Found OGRE_Overlay: optimized;/usr/lib/x86_64-linux-gnu/libOgreOverlay.so;debug;/usr/lib/x86_64-linux-gnu/libOgreOverlay.so
[5.050s] -- Looking for ignition-math6 -- found version 6.15.1
[5.091s] -- Looking for ignition-transport8 -- found version 8.3.0
[5.092s] -- Searching for dependencies of ignition-transport8
[5.119s] -- Found Protobuf: /usr/lib/x86_64-linux-gnu/libprotobuf.so;-lpthread (found suitable version "3.6.1", minimum required is "3") 
[5.135s] -- Config-file not installed for ZeroMQ -- checking for pkg-config
[5.140s] -- Checking for module 'libzmq >= 4'
[5.281s] --   Found libzmq , version 4.3.2
[5.366s] -- Found ZeroMQ: TRUE (Required is at least version "4") 
[5.374s] -- Checking for module 'uuid'
[5.419s] --   Found uuid, version 2.34.0
[5.511s] -- Found UUID: TRUE  
[5.539s] -- Looking for ignition-msgs5 -- found version 5.10.0
[5.541s] -- Searching for dependencies of ignition-msgs5
[5.585s] -- Looking for ignition-math6 -- found version 6.15.1
[5.591s] -- Checking for module 'tinyxml2'
[5.643s] --   Found tinyxml2, version 6.2.0
[5.747s] -- Looking for ignition-msgs5 -- found version 5.10.0
[5.752s] -- Looking for ignition-common3 -- found version 3.14.2
[5.754s] -- Searching for dependencies of ignition-common3
[5.755s] -- Looking for dlfcn.h - found
[5.758s] -- Looking for libdl - found
[5.762s] -- Found DL: TRUE  
[5.776s] -- Searching for <ignition-common3> component [graphics]
[5.789s] -- Looking for ignition-common3-graphics -- found version 3.14.2
[5.790s] -- Searching for dependencies of ignition-common3-graphics
[5.791s] -- Looking for ignition-math6 -- found version 6.15.1
[5.801s] -- Looking for ignition-fuel_tools4 -- found version 4.6.0
[5.801s] -- Searching for dependencies of ignition-fuel_tools4
[5.925s] -- Found CURL: /usr/lib/x86_64-linux-gnu/libcurl.so (found version "7.68.0")  
[5.985s] -- Checking for module 'jsoncpp'
[6.007s] --   Found jsoncpp, version 1.7.4
[6.061s] -- Found JSONCPP: TRUE  
[6.069s] -- Checking for module 'libzip'
[6.091s] --   Found libzip, version 1.5.1
[6.146s] -- Found ZIP: TRUE  
[6.147s] -- Looking for ignition-common3 -- found version 3.14.2
[6.147s] -- Looking for ignition-math6 -- found version 6.15.1
[6.148s] -- Looking for ignition-msgs5 -- found version 5.10.0
[6.150s] -- Gazebo version: 11.11
[6.238s] CMake Error at CMakeLists.txt:23 (find_package):
[6.238s]   By not providing "Findjoint_state_publisher.cmake" in CMAKE_MODULE_PATH
[6.238s]   this project has asked CMake to find a package configuration file provided
[6.238s]   by "joint_state_publisher", but CMake did not find one.
[6.238s] 
[6.239s]   Could not find a package configuration file provided by
[6.239s]   "joint_state_publisher" with any of the following names:
[6.239s] 
[6.239s]     joint_state_publisherConfig.cmake
[6.239s]     joint_state_publisher-config.cmake
[6.239s] 
[6.239s]   Add the installation prefix of "joint_state_publisher" to CMAKE_PREFIX_PATH
[6.239s]   or set "joint_state_publisher_DIR" to a directory containing one of the
[6.240s]   above files.  If "joint_state_publisher" provides a separate development
[6.240s]   package or SDK, be sure it has been installed.
[6.240s] 
[6.240s] 
[6.243s] -- Configuring incomplete, errors occurred!
[6.243s] See also "/home/sonia/robbie-the-robot-arm/V3/build/robbie_simulator/CMakeFiles/CMakeOutput.log".
[6.243s] See also "/home/sonia/robbie-the-robot-arm/V3/build/robbie_simulator/CMakeFiles/CMakeError.log".
[6.257s] make: *** [Makefile:222: cmake_check_build_system] Error 1
[6.259s] Invoked command in '/home/sonia/robbie-the-robot-arm/V3/build/robbie_simulator' returned '2': CMAKE_PREFIX_PATH=${CMAKE_PREFIX_PATH}:/opt/ros/foxy /usr/bin/cmake --build /home/sonia/robbie-the-robot-arm/V3/build/robbie_simulator -- -j8 -l8
