-- Found ament_cmake: 0.9.12 (/opt/ros/foxy/share/ament_cmake/cmake)
-- Using PYTHON_EXECUTABLE: /usr/bin/python3
-- Found ament_lint_auto: 0.9.8 (/opt/ros/foxy/share/ament_lint_auto/cmake)
-- Added test 'copyright' to check source files copyright and LICENSE
-- Added test 'flake8' to check Python code syntax and style conventions
-- Added test 'lint_cmake' to check CMake code style
-- Added test 'pep257' to check Python code against some of the style conventions in PEP 257
-- Added test 'xmllint' to check XML markup files
-- Configuring done
-- Generating done
-- Build files have been written to: /home/sonia/robbie-the-robot-arm/V3/build/robbie_simulator
-- Install configuration: ""
-- Up-to-date: /home/sonia/robbie-the-robot-arm/V3/install/robbie_simulator/share/ament_index/resource_index/package_run_dependencies/robbie_simulator
-- Installing: /home/sonia/robbie-the-robot-arm/V3/install/robbie_simulator/share/ament_index/resource_index/parent_prefix_path/robbie_simulator
-- Up-to-date: /home/sonia/robbie-the-robot-arm/V3/install/robbie_simulator/share/robbie_simulator/environment/ament_prefix_path.sh
-- Installing: /home/sonia/robbie-the-robot-arm/V3/install/robbie_simulator/share/robbie_simulator/environment/ament_prefix_path.dsv
-- Up-to-date: /home/sonia/robbie-the-robot-arm/V3/install/robbie_simulator/share/robbie_simulator/environment/path.sh
-- Installing: /home/sonia/robbie-the-robot-arm/V3/install/robbie_simulator/share/robbie_simulator/environment/path.dsv
-- Up-to-date: /home/sonia/robbie-the-robot-arm/V3/install/robbie_simulator/share/robbie_simulator/local_setup.bash
-- Up-to-date: /home/sonia/robbie-the-robot-arm/V3/install/robbie_simulator/share/robbie_simulator/local_setup.sh
-- Up-to-date: /home/sonia/robbie-the-robot-arm/V3/install/robbie_simulator/share/robbie_simulator/local_setup.zsh
-- Installing: /home/sonia/robbie-the-robot-arm/V3/install/robbie_simulator/share/robbie_simulator/local_setup.dsv
-- Installing: /home/sonia/robbie-the-robot-arm/V3/install/robbie_simulator/share/robbie_simulator/package.dsv
-- Up-to-date: /home/sonia/robbie-the-robot-arm/V3/install/robbie_simulator/share/ament_index/resource_index/packages/robbie_simulator
-- Up-to-date: /home/sonia/robbie-the-robot-arm/V3/install/robbie_simulator/share/robbie_simulator/cmake/robbie_simulatorConfig.cmake
-- Up-to-date: /home/sonia/robbie-the-robot-arm/V3/install/robbie_simulator/share/robbie_simulator/cmake/robbie_simulatorConfig-version.cmake
-- Installing: /home/sonia/robbie-the-robot-arm/V3/install/robbie_simulator/share/robbie_simulator/package.xml
