[0.014s] Invoking command in '/home/sonia/robbie-the-robot-arm/V3/build/robbie_simulator': CMAKE_PREFIX_PATH=${CMAKE_PREFIX_PATH}:/opt/ros/foxy /usr/bin/cmake --build /home/sonia/robbie-the-robot-arm/V3/build/robbie_simulator -- -j8 -l8
[0.048s] -- Found ament_cmake: 0.9.12 (/opt/ros/foxy/share/ament_cmake/cmake)
[0.072s] -- Using PYTHON_EXECUTABLE: /usr/bin/python3
[0.261s] -- Found rclpy: 1.0.13 (/opt/ros/foxy/share/rclpy/cmake)
[0.261s] -- Found std_msgs: 2.0.5 (/opt/ros/foxy/share/std_msgs/cmake)
[0.284s] -- Using all available rosidl_typesupport_c: rosidl_typesupport_fastrtps_c;rosidl_typesupport_introspection_c
[0.288s] -- Found rosidl_adapter: 1.3.1 (/opt/ros/foxy/share/rosidl_adapter/cmake)
[0.601s] -- Using all available rosidl_typesupport_cpp: rosidl_typesupport_fastrtps_cpp;rosidl_typesupport_introspection_cpp
[0.645s] -- Found gazebo_ros: 3.5.3 (/opt/ros/foxy/share/gazebo_ros/cmake)
[0.683s] -- Found rmw_implementation_cmake: 1.0.4 (/opt/ros/foxy/share/rmw_implementation_cmake/cmake)
[0.684s] -- Using RMW implementation 'rmw_fastrtps_cpp' as default
[0.875s] -- Found DART: /usr/include (Required is at least version "6.6") found components: dart 
[0.905s] -- Found Protobuf: /usr/lib/x86_64-linux-gnu/libprotobuf.so;-lpthread (found version "3.6.1") 
[0.907s] -- Looking for ignition-math6 -- found version 6.15.1
[0.912s] -- Searching for dependencies of ignition-math6
[0.914s] -- Looking for OGRE...
[0.919s] -- Found Ogre Ghadamon (1.9.0)
[0.920s] -- Found OGRE: optimized;/usr/lib/x86_64-linux-gnu/libOgreMain.so;debug;/usr/lib/x86_64-linux-gnu/libOgreMain.so
[0.930s] -- Looking for OGRE_Paging...
[0.930s] -- Found OGRE_Paging: optimized;/usr/lib/x86_64-linux-gnu/libOgrePaging.so;debug;/usr/lib/x86_64-linux-gnu/libOgrePaging.so
[0.930s] -- Looking for OGRE_Terrain...
[0.930s] -- Found OGRE_Terrain: optimized;/usr/lib/x86_64-linux-gnu/libOgreTerrain.so;debug;/usr/lib/x86_64-linux-gnu/libOgreTerrain.so
[0.931s] -- Looking for OGRE_Property...
[0.931s] -- Found OGRE_Property: optimized;/usr/lib/x86_64-linux-gnu/libOgreProperty.so;debug;/usr/lib/x86_64-linux-gnu/libOgreProperty.so
[0.931s] -- Looking for OGRE_RTShaderSystem...
[0.931s] -- Found OGRE_RTShaderSystem: optimized;/usr/lib/x86_64-linux-gnu/libOgreRTShaderSystem.so;debug;/usr/lib/x86_64-linux-gnu/libOgreRTShaderSystem.so
[0.931s] -- Looking for OGRE_Volume...
[0.931s] -- Found OGRE_Volume: optimized;/usr/lib/x86_64-linux-gnu/libOgreVolume.so;debug;/usr/lib/x86_64-linux-gnu/libOgreVolume.so
[0.931s] -- Looking for OGRE_Overlay...
[0.931s] -- Found OGRE_Overlay: optimized;/usr/lib/x86_64-linux-gnu/libOgreOverlay.so;debug;/usr/lib/x86_64-linux-gnu/libOgreOverlay.so
[1.048s] -- Looking for ignition-math6 -- found version 6.15.1
[1.048s] -- Looking for ignition-transport8 -- found version 8.3.0
[1.048s] -- Searching for dependencies of ignition-transport8
[1.067s] -- Found Protobuf: /usr/lib/x86_64-linux-gnu/libprotobuf.so;-lpthread (found suitable version "3.6.1", minimum required is "3") 
[1.079s] -- Config-file not installed for ZeroMQ -- checking for pkg-config
[1.084s] -- Checking for module 'libzmq >= 4'
[1.101s] --   Found libzmq , version 4.3.2
[1.150s] -- Checking for module 'uuid'
[1.167s] --   Found uuid, version 2.34.0
[1.212s] -- Looking for ignition-msgs5 -- found version 5.10.0
[1.212s] -- Searching for dependencies of ignition-msgs5
[1.234s] -- Looking for ignition-math6 -- found version 6.15.1
[1.240s] -- Checking for module 'tinyxml2'
[1.258s] --   Found tinyxml2, version 6.2.0
[1.306s] -- Looking for ignition-msgs5 -- found version 5.10.0
[1.306s] -- Looking for ignition-common3 -- found version 3.14.2
[1.307s] -- Searching for dependencies of ignition-common3
[1.307s] -- Looking for dlfcn.h - found
[1.307s] -- Looking for libdl - found
[1.319s] -- Searching for <ignition-common3> component [graphics]
[1.319s] -- Looking for ignition-common3-graphics -- found version 3.14.2
[1.320s] -- Searching for dependencies of ignition-common3-graphics
[1.320s] -- Looking for ignition-math6 -- found version 6.15.1
[1.322s] -- Looking for ignition-fuel_tools4 -- found version 4.6.0
[1.322s] -- Searching for dependencies of ignition-fuel_tools4
[1.358s] -- Checking for module 'jsoncpp'
[1.378s] --   Found jsoncpp, version 1.7.4
[1.435s] -- Checking for module 'libzip'
[1.455s] --   Found libzip, version 1.5.1
[1.506s] -- Looking for ignition-common3 -- found version 3.14.2
[1.507s] -- Looking for ignition-math6 -- found version 6.15.1
[1.508s] -- Looking for ignition-msgs5 -- found version 5.10.0
[1.509s] -- Gazebo version: 11.11
[1.549s] -- Found robot_state_publisher: 2.4.5 (/opt/ros/foxy/share/robot_state_publisher/cmake)
[1.595s] -- Found eigen3_cmake_module: 0.1.1 (/opt/ros/foxy/share/eigen3_cmake_module/cmake)
[1.605s] -- Found Eigen3: TRUE (found version "3.3.7") 
[3.049s] -- Found ament_lint_auto: 0.9.8 (/opt/ros/foxy/share/ament_lint_auto/cmake)
[3.166s] -- Configuring done
[3.172s] -- Generating done
[3.177s] -- Build files have been written to: /home/sonia/robbie-the-robot-arm/V3/build/robbie_simulator
[3.228s] Invoked command in '/home/sonia/robbie-the-robot-arm/V3/build/robbie_simulator' returned '0': CMAKE_PREFIX_PATH=${CMAKE_PREFIX_PATH}:/opt/ros/foxy /usr/bin/cmake --build /home/sonia/robbie-the-robot-arm/V3/build/robbie_simulator -- -j8 -l8
[3.295s] Invoking command in '/home/sonia/robbie-the-robot-arm/V3/build/robbie_simulator': CMAKE_PREFIX_PATH=${CMAKE_PREFIX_PATH}:/opt/ros/foxy /usr/bin/cmake --install /home/sonia/robbie-the-robot-arm/V3/build/robbie_simulator
[3.310s] -- Install configuration: ""
[3.310s] CMake Error at cmake_install.cmake:41 (file):
[3.311s]   file INSTALL cannot find
[3.311s]   "/home/sonia/robbie-the-robot-arm/V3/src/robbie_simulator/launch": No such
[3.311s]   file or directory.
[3.311s] 
[3.312s] 
[3.313s] Invoked command in '/home/sonia/robbie-the-robot-arm/V3/build/robbie_simulator' returned '1': CMAKE_PREFIX_PATH=${CMAKE_PREFIX_PATH}:/opt/ros/foxy /usr/bin/cmake --install /home/sonia/robbie-the-robot-arm/V3/build/robbie_simulator
