-- Found ament_cmake: 0.9.12 (/opt/ros/foxy/share/ament_cmake/cmake)
-- Using PYTHON_EXECUTABLE: /usr/bin/python3
-- Found rclpy: 1.0.13 (/opt/ros/foxy/share/rclpy/cmake)
-- Found std_msgs: 2.0.5 (/opt/ros/foxy/share/std_msgs/cmake)
-- Using all available rosidl_typesupport_c: rosidl_typesupport_fastrtps_c;rosidl_typesupport_introspection_c
-- Found rosidl_adapter: 1.3.1 (/opt/ros/foxy/share/rosidl_adapter/cmake)
-- Using all available rosidl_typesupport_cpp: rosidl_typesupport_fastrtps_cpp;rosidl_typesupport_introspection_cpp
-- Found gazebo_ros: 3.5.3 (/opt/ros/foxy/share/gazebo_ros/cmake)
-- Found rmw_implementation_cmake: 1.0.4 (/opt/ros/foxy/share/rmw_implementation_cmake/cmake)
-- Using RMW implementation 'rmw_fastrtps_cpp' as default
-- Found DART: /usr/include (Required is at least version "6.6") found components: dart 
-- Found Protobuf: /usr/lib/x86_64-linux-gnu/libprotobuf.so;-lpthread (found version "3.6.1") 
-- Looking for ignition-math6 -- found version 6.15.1
-- Searching for dependencies of ignition-math6
-- Looking for OGRE...
-- Found Ogre Ghadamon (1.9.0)
-- Found OGRE: optimized;/usr/lib/x86_64-linux-gnu/libOgreMain.so;debug;/usr/lib/x86_64-linux-gnu/libOgreMain.so
-- Looking for OGRE_Paging...
-- Found OGRE_Paging: optimized;/usr/lib/x86_64-linux-gnu/libOgrePaging.so;debug;/usr/lib/x86_64-linux-gnu/libOgrePaging.so
-- Looking for OGRE_Terrain...
-- Found OGRE_Terrain: optimized;/usr/lib/x86_64-linux-gnu/libOgreTerrain.so;debug;/usr/lib/x86_64-linux-gnu/libOgreTerrain.so
-- Looking for OGRE_Property...
-- Found OGRE_Property: optimized;/usr/lib/x86_64-linux-gnu/libOgreProperty.so;debug;/usr/lib/x86_64-linux-gnu/libOgreProperty.so
-- Looking for OGRE_RTShaderSystem...
-- Found OGRE_RTShaderSystem: optimized;/usr/lib/x86_64-linux-gnu/libOgreRTShaderSystem.so;debug;/usr/lib/x86_64-linux-gnu/libOgreRTShaderSystem.so
-- Looking for OGRE_Volume...
-- Found OGRE_Volume: optimized;/usr/lib/x86_64-linux-gnu/libOgreVolume.so;debug;/usr/lib/x86_64-linux-gnu/libOgreVolume.so
-- Looking for OGRE_Overlay...
-- Found OGRE_Overlay: optimized;/usr/lib/x86_64-linux-gnu/libOgreOverlay.so;debug;/usr/lib/x86_64-linux-gnu/libOgreOverlay.so
-- Looking for ignition-math6 -- found version 6.15.1
-- Looking for ignition-transport8 -- found version 8.3.0
-- Searching for dependencies of ignition-transport8
-- Found Protobuf: /usr/lib/x86_64-linux-gnu/libprotobuf.so;-lpthread (found suitable version "3.6.1", minimum required is "3") 
-- Config-file not installed for ZeroMQ -- checking for pkg-config
-- Checking for module 'libzmq >= 4'
--   Found libzmq , version 4.3.2
-- Checking for module 'uuid'
--   Found uuid, version 2.34.0
-- Looking for ignition-msgs5 -- found version 5.10.0
-- Searching for dependencies of ignition-msgs5
-- Looking for ignition-math6 -- found version 6.15.1
-- Checking for module 'tinyxml2'
--   Found tinyxml2, version 6.2.0
-- Looking for ignition-msgs5 -- found version 5.10.0
-- Looking for ignition-common3 -- found version 3.14.2
-- Searching for dependencies of ignition-common3
-- Looking for dlfcn.h - found
-- Looking for libdl - found
-- Searching for <ignition-common3> component [graphics]
-- Looking for ignition-common3-graphics -- found version 3.14.2
-- Searching for dependencies of ignition-common3-graphics
-- Looking for ignition-math6 -- found version 6.15.1
-- Looking for ignition-fuel_tools4 -- found version 4.6.0
-- Searching for dependencies of ignition-fuel_tools4
-- Checking for module 'jsoncpp'
--   Found jsoncpp, version 1.7.4
-- Checking for module 'libzip'
--   Found libzip, version 1.5.1
-- Looking for ignition-common3 -- found version 3.14.2
-- Looking for ignition-math6 -- found version 6.15.1
-- Looking for ignition-msgs5 -- found version 5.10.0
-- Gazebo version: 11.11
-- Found robot_state_publisher: 2.4.5 (/opt/ros/foxy/share/robot_state_publisher/cmake)
-- Found eigen3_cmake_module: 0.1.1 (/opt/ros/foxy/share/eigen3_cmake_module/cmake)
-- Found Eigen3: TRUE (found version "3.3.7") 
-- Found ament_lint_auto: 0.9.8 (/opt/ros/foxy/share/ament_lint_auto/cmake)
-- Configuring done
-- Generating done
-- Build files have been written to: /home/sonia/robbie-the-robot-arm/V3/build/robbie_simulator
-- Install configuration: ""
-- Installing: /home/sonia/robbie-the-robot-arm/V3/install/robbie_simulator/lib/robbie_simulator/move_robot_arm.py
-- Installing: /home/sonia/robbie-the-robot-arm/V3/install/robbie_simulator/lib/robbie_simulator/joint_state_publisher_gui.py
-- Up-to-date: /home/sonia/robbie-the-robot-arm/V3/install/robbie_simulator/share/robbie_simulator/launch
-- Installing: /home/sonia/robbie-the-robot-arm/V3/install/robbie_simulator/share/robbie_simulator/launch/display.launch.py
-- Installing: /home/sonia/robbie-the-robot-arm/V3/install/robbie_simulator/share/robbie_simulator/urdf
-- Installing: /home/sonia/robbie-the-robot-arm/V3/install/robbie_simulator/share/robbie_simulator/urdf/robbie.urdf
-- Installing: /home/sonia/robbie-the-robot-arm/V3/install/robbie_simulator/share/ament_index/resource_index/package_run_dependencies/robbie_simulator
-- Up-to-date: /home/sonia/robbie-the-robot-arm/V3/install/robbie_simulator/share/ament_index/resource_index/parent_prefix_path/robbie_simulator
-- Installing: /home/sonia/robbie-the-robot-arm/V3/install/robbie_simulator/share/robbie_simulator/environment/ament_prefix_path.sh
-- Installing: /home/sonia/robbie-the-robot-arm/V3/install/robbie_simulator/share/robbie_simulator/environment/ament_prefix_path.dsv
-- Installing: /home/sonia/robbie-the-robot-arm/V3/install/robbie_simulator/share/robbie_simulator/environment/path.sh
-- Installing: /home/sonia/robbie-the-robot-arm/V3/install/robbie_simulator/share/robbie_simulator/environment/path.dsv
-- Up-to-date: /home/sonia/robbie-the-robot-arm/V3/install/robbie_simulator/share/robbie_simulator/local_setup.bash
-- Up-to-date: /home/sonia/robbie-the-robot-arm/V3/install/robbie_simulator/share/robbie_simulator/local_setup.sh
-- Up-to-date: /home/sonia/robbie-the-robot-arm/V3/install/robbie_simulator/share/robbie_simulator/local_setup.zsh
-- Installing: /home/sonia/robbie-the-robot-arm/V3/install/robbie_simulator/share/robbie_simulator/local_setup.dsv
-- Installing: /home/sonia/robbie-the-robot-arm/V3/install/robbie_simulator/share/robbie_simulator/package.dsv
-- Up-to-date: /home/sonia/robbie-the-robot-arm/V3/install/robbie_simulator/share/ament_index/resource_index/packages/robbie_simulator
-- Up-to-date: /home/sonia/robbie-the-robot-arm/V3/install/robbie_simulator/share/robbie_simulator/cmake/robbie_simulatorConfig.cmake
-- Up-to-date: /home/sonia/robbie-the-robot-arm/V3/install/robbie_simulator/share/robbie_simulator/cmake/robbie_simulatorConfig-version.cmake
-- Up-to-date: /home/sonia/robbie-the-robot-arm/V3/install/robbie_simulator/share/robbie_simulator/package.xml
