[0.026s] Invoking command in '/home/sonia/robbie-the-robot-arm/V3/build/robbie_simulator': CMAKE_PREFIX_PATH=${CMAKE_PREFIX_PATH}:/opt/ros/foxy /usr/bin/cmake --build /home/sonia/robbie-the-robot-arm/V3/build/robbie_simulator -- -j8 -l8
[0.059s] -- Found ament_cmake: 0.9.12 (/opt/ros/foxy/share/ament_cmake/cmake)
[0.084s] -- Using PYTHON_EXECUTABLE: /usr/bin/python3
[0.447s] -- Found rclpy: 1.0.13 (/opt/ros/foxy/share/rclpy/cmake)
[0.448s] -- Found std_msgs: 2.0.5 (/opt/ros/foxy/share/std_msgs/cmake)
[0.501s] -- Using all available rosidl_typesupport_c: rosidl_typesupport_fastrtps_c;rosidl_typesupport_introspection_c
[0.504s] -- Found rosidl_adapter: 1.3.1 (/opt/ros/foxy/share/rosidl_adapter/cmake)
[0.764s] -- Using all available rosidl_typesupport_cpp: rosidl_typesupport_fastrtps_cpp;rosidl_typesupport_introspection_cpp
[0.811s] -- Found gazebo_ros: 3.5.3 (/opt/ros/foxy/share/gazebo_ros/cmake)
[0.899s] -- Found rmw_implementation_cmake: 1.0.4 (/opt/ros/foxy/share/rmw_implementation_cmake/cmake)
[0.901s] -- Using RMW implementation 'rmw_fastrtps_cpp' as default
[1.275s] -- Found DART: /usr/include (Required is at least version "6.6") found components: dart 
[1.332s] -- Found Protobuf: /usr/lib/x86_64-linux-gnu/libprotobuf.so;-lpthread (found version "3.6.1") 
[1.334s] -- Looking for ignition-math6 -- found version 6.15.1
[1.341s] -- Searching for dependencies of ignition-math6
[1.343s] -- Looking for OGRE...
[1.366s] -- Found Ogre Ghadamon (1.9.0)
[1.366s] -- Found OGRE: optimized;/usr/lib/x86_64-linux-gnu/libOgreMain.so;debug;/usr/lib/x86_64-linux-gnu/libOgreMain.so
[1.384s] -- Looking for OGRE_Paging...
[1.384s] -- Found OGRE_Paging: optimized;/usr/lib/x86_64-linux-gnu/libOgrePaging.so;debug;/usr/lib/x86_64-linux-gnu/libOgrePaging.so
[1.384s] -- Looking for OGRE_Terrain...
[1.384s] -- Found OGRE_Terrain: optimized;/usr/lib/x86_64-linux-gnu/libOgreTerrain.so;debug;/usr/lib/x86_64-linux-gnu/libOgreTerrain.so
[1.384s] -- Looking for OGRE_Property...
[1.384s] -- Found OGRE_Property: optimized;/usr/lib/x86_64-linux-gnu/libOgreProperty.so;debug;/usr/lib/x86_64-linux-gnu/libOgreProperty.so
[1.385s] -- Looking for OGRE_RTShaderSystem...
[1.385s] -- Found OGRE_RTShaderSystem: optimized;/usr/lib/x86_64-linux-gnu/libOgreRTShaderSystem.so;debug;/usr/lib/x86_64-linux-gnu/libOgreRTShaderSystem.so
[1.385s] -- Looking for OGRE_Volume...
[1.385s] -- Found OGRE_Volume: optimized;/usr/lib/x86_64-linux-gnu/libOgreVolume.so;debug;/usr/lib/x86_64-linux-gnu/libOgreVolume.so
[1.385s] -- Looking for OGRE_Overlay...
[1.385s] -- Found OGRE_Overlay: optimized;/usr/lib/x86_64-linux-gnu/libOgreOverlay.so;debug;/usr/lib/x86_64-linux-gnu/libOgreOverlay.so
[1.594s] -- Looking for ignition-math6 -- found version 6.15.1
[1.595s] -- Looking for ignition-transport8 -- found version 8.3.0
[1.596s] -- Searching for dependencies of ignition-transport8
[1.621s] -- Found Protobuf: /usr/lib/x86_64-linux-gnu/libprotobuf.so;-lpthread (found suitable version "3.6.1", minimum required is "3") 
[1.656s] -- Config-file not installed for ZeroMQ -- checking for pkg-config
[1.662s] -- Checking for module 'libzmq >= 4'
[1.697s] --   Found libzmq , version 4.3.2
[1.786s] -- Checking for module 'uuid'
[1.809s] --   Found uuid, version 2.34.0
[1.869s] -- Looking for ignition-msgs5 -- found version 5.10.0
[1.869s] -- Searching for dependencies of ignition-msgs5
[1.898s] -- Looking for ignition-math6 -- found version 6.15.1
[1.905s] -- Checking for module 'tinyxml2'
[1.925s] --   Found tinyxml2, version 6.2.0
[1.978s] -- Looking for ignition-msgs5 -- found version 5.10.0
[1.979s] -- Looking for ignition-common3 -- found version 3.14.2
[1.979s] -- Searching for dependencies of ignition-common3
[1.980s] -- Looking for dlfcn.h - found
[1.980s] -- Looking for libdl - found
[1.992s] -- Searching for <ignition-common3> component [graphics]
[1.992s] -- Looking for ignition-common3-graphics -- found version 3.14.2
[1.993s] -- Searching for dependencies of ignition-common3-graphics
[1.993s] -- Looking for ignition-math6 -- found version 6.15.1
[1.995s] -- Looking for ignition-fuel_tools4 -- found version 4.6.0
[1.995s] -- Searching for dependencies of ignition-fuel_tools4
[2.028s] -- Checking for module 'jsoncpp'
[2.046s] --   Found jsoncpp, version 1.7.4
[2.100s] -- Checking for module 'libzip'
[2.118s] --   Found libzip, version 1.5.1
[2.167s] -- Looking for ignition-common3 -- found version 3.14.2
[2.167s] -- Looking for ignition-math6 -- found version 6.15.1
[2.167s] -- Looking for ignition-msgs5 -- found version 5.10.0
[2.169s] -- Gazebo version: 11.11
[2.179s] -- Found robot_state_publisher: 2.4.5 (/opt/ros/foxy/share/robot_state_publisher/cmake)
[2.184s] -- Found eigen3_cmake_module: 0.1.1 (/opt/ros/foxy/share/eigen3_cmake_module/cmake)
[2.186s] -- Found Eigen3: TRUE (found version "3.3.7") 
[3.213s] -- Found ament_lint_auto: 0.9.8 (/opt/ros/foxy/share/ament_lint_auto/cmake)
[3.329s] -- Configuring done
[3.335s] -- Generating done
[3.340s] -- Build files have been written to: /home/sonia/robbie-the-robot-arm/V3/build/robbie_simulator
[3.392s] Invoked command in '/home/sonia/robbie-the-robot-arm/V3/build/robbie_simulator' returned '0': CMAKE_PREFIX_PATH=${CMAKE_PREFIX_PATH}:/opt/ros/foxy /usr/bin/cmake --build /home/sonia/robbie-the-robot-arm/V3/build/robbie_simulator -- -j8 -l8
[3.458s] Invoking command in '/home/sonia/robbie-the-robot-arm/V3/build/robbie_simulator': CMAKE_PREFIX_PATH=${CMAKE_PREFIX_PATH}:/opt/ros/foxy /usr/bin/cmake --install /home/sonia/robbie-the-robot-arm/V3/build/robbie_simulator
[3.474s] -- Install configuration: ""
[3.474s] -- Installing: /home/sonia/robbie-the-robot-arm/V3/install/robbie_simulator/lib/robbie_simulator/move_robot_arm.py
[3.474s] -- Installing: /home/sonia/robbie-the-robot-arm/V3/install/robbie_simulator/lib/robbie_simulator/joint_state_publisher_gui.py
[3.475s] -- Up-to-date: /home/sonia/robbie-the-robot-arm/V3/install/robbie_simulator/share/robbie_simulator/launch
[3.475s] -- Installing: /home/sonia/robbie-the-robot-arm/V3/install/robbie_simulator/share/robbie_simulator/launch/display.launch.py
[3.475s] -- Installing: /home/sonia/robbie-the-robot-arm/V3/install/robbie_simulator/share/robbie_simulator/urdf
[3.475s] -- Installing: /home/sonia/robbie-the-robot-arm/V3/install/robbie_simulator/share/robbie_simulator/urdf/robbie.urdf
[3.475s] -- Installing: /home/sonia/robbie-the-robot-arm/V3/install/robbie_simulator/share/ament_index/resource_index/package_run_dependencies/robbie_simulator
[3.476s] -- Up-to-date: /home/sonia/robbie-the-robot-arm/V3/install/robbie_simulator/share/ament_index/resource_index/parent_prefix_path/robbie_simulator
[3.476s] -- Installing: /home/sonia/robbie-the-robot-arm/V3/install/robbie_simulator/share/robbie_simulator/environment/ament_prefix_path.sh
[3.476s] -- Installing: /home/sonia/robbie-the-robot-arm/V3/install/robbie_simulator/share/robbie_simulator/environment/ament_prefix_path.dsv
[3.477s] -- Installing: /home/sonia/robbie-the-robot-arm/V3/install/robbie_simulator/share/robbie_simulator/environment/path.sh
[3.477s] -- Installing: /home/sonia/robbie-the-robot-arm/V3/install/robbie_simulator/share/robbie_simulator/environment/path.dsv
[3.477s] -- Up-to-date: /home/sonia/robbie-the-robot-arm/V3/install/robbie_simulator/share/robbie_simulator/local_setup.bash
[3.477s] -- Up-to-date: /home/sonia/robbie-the-robot-arm/V3/install/robbie_simulator/share/robbie_simulator/local_setup.sh
[3.477s] -- Up-to-date: /home/sonia/robbie-the-robot-arm/V3/install/robbie_simulator/share/robbie_simulator/local_setup.zsh
[3.478s] -- Installing: /home/sonia/robbie-the-robot-arm/V3/install/robbie_simulator/share/robbie_simulator/local_setup.dsv
[3.478s] -- Installing: /home/sonia/robbie-the-robot-arm/V3/install/robbie_simulator/share/robbie_simulator/package.dsv
[3.478s] -- Up-to-date: /home/sonia/robbie-the-robot-arm/V3/install/robbie_simulator/share/ament_index/resource_index/packages/robbie_simulator
[3.478s] -- Up-to-date: /home/sonia/robbie-the-robot-arm/V3/install/robbie_simulator/share/robbie_simulator/cmake/robbie_simulatorConfig.cmake
[3.478s] -- Up-to-date: /home/sonia/robbie-the-robot-arm/V3/install/robbie_simulator/share/robbie_simulator/cmake/robbie_simulatorConfig-version.cmake
[3.478s] -- Up-to-date: /home/sonia/robbie-the-robot-arm/V3/install/robbie_simulator/share/robbie_simulator/package.xml
[3.482s] Invoked command in '/home/sonia/robbie-the-robot-arm/V3/build/robbie_simulator' returned '0': CMAKE_PREFIX_PATH=${CMAKE_PREFIX_PATH}:/opt/ros/foxy /usr/bin/cmake --install /home/sonia/robbie-the-robot-arm/V3/build/robbie_simulator
