-- Install configuration: ""
-- Up-to-date: /home/sonia/robbie-the-robot-arm/V3/install/robbie_simulator/lib/robbie_simulator/move_robot_arm.py
-- Up-to-date: /home/sonia/robbie-the-robot-arm/V3/install/robbie_simulator/lib/robbie_simulator/joint_state_publisher_gui.py
-- Up-to-date: /home/sonia/robbie-the-robot-arm/V3/install/robbie_simulator/share/robbie_simulator/launch
-- Up-to-date: /home/sonia/robbie-the-robot-arm/V3/install/robbie_simulator/share/robbie_simulator/launch/display.launch.py
-- Up-to-date: /home/sonia/robbie-the-robot-arm/V3/install/robbie_simulator/share/robbie_simulator/urdf
-- Up-to-date: /home/sonia/robbie-the-robot-arm/V3/install/robbie_simulator/share/robbie_simulator/urdf/robbie.urdf
-- Up-to-date: /home/sonia/robbie-the-robot-arm/V3/install/robbie_simulator/share/ament_index/resource_index/package_run_dependencies/robbie_simulator
-- Up-to-date: /home/sonia/robbie-the-robot-arm/V3/install/robbie_simulator/share/ament_index/resource_index/parent_prefix_path/robbie_simulator
-- Up-to-date: /home/sonia/robbie-the-robot-arm/V3/install/robbie_simulator/share/robbie_simulator/environment/ament_prefix_path.sh
-- Up-to-date: /home/sonia/robbie-the-robot-arm/V3/install/robbie_simulator/share/robbie_simulator/environment/ament_prefix_path.dsv
-- Up-to-date: /home/sonia/robbie-the-robot-arm/V3/install/robbie_simulator/share/robbie_simulator/environment/path.sh
-- Up-to-date: /home/sonia/robbie-the-robot-arm/V3/install/robbie_simulator/share/robbie_simulator/environment/path.dsv
-- Up-to-date: /home/sonia/robbie-the-robot-arm/V3/install/robbie_simulator/share/robbie_simulator/local_setup.bash
-- Up-to-date: /home/sonia/robbie-the-robot-arm/V3/install/robbie_simulator/share/robbie_simulator/local_setup.sh
-- Up-to-date: /home/sonia/robbie-the-robot-arm/V3/install/robbie_simulator/share/robbie_simulator/local_setup.zsh
-- Up-to-date: /home/sonia/robbie-the-robot-arm/V3/install/robbie_simulator/share/robbie_simulator/local_setup.dsv
-- Installing: /home/sonia/robbie-the-robot-arm/V3/install/robbie_simulator/share/robbie_simulator/package.dsv
-- Up-to-date: /home/sonia/robbie-the-robot-arm/V3/install/robbie_simulator/share/ament_index/resource_index/packages/robbie_simulator
-- Up-to-date: /home/sonia/robbie-the-robot-arm/V3/install/robbie_simulator/share/robbie_simulator/cmake/robbie_simulatorConfig.cmake
-- Up-to-date: /home/sonia/robbie-the-robot-arm/V3/install/robbie_simulator/share/robbie_simulator/cmake/robbie_simulatorConfig-version.cmake
-- Up-to-date: /home/sonia/robbie-the-robot-arm/V3/install/robbie_simulator/share/robbie_simulator/package.xml
