[0.027s] Invoking command in '/home/sonia/robbie-the-robot-arm/V3/build/robbie_simulator': CMAKE_PREFIX_PATH=${CMAKE_PREFIX_PATH}:/opt/ros/foxy /usr/bin/cmake --build /home/sonia/robbie-the-robot-arm/V3/build/robbie_simulator -- -j8 -l8
[0.079s] -- Found ament_cmake: 0.9.12 (/opt/ros/foxy/share/ament_cmake/cmake)
[0.130s] -- Using PYTHON_EXECUTABLE: /usr/bin/python3
[0.494s] -- Found rclpy: 1.0.13 (/opt/ros/foxy/share/rclpy/cmake)
[0.495s] -- Found std_msgs: 2.0.5 (/opt/ros/foxy/share/std_msgs/cmake)
[0.536s] -- Using all available rosidl_typesupport_c: rosidl_typesupport_fastrtps_c;rosidl_typesupport_introspection_c
[0.543s] -- Found rosidl_adapter: 1.3.1 (/opt/ros/foxy/share/rosidl_adapter/cmake)
[0.780s] -- Using all available rosidl_typesupport_cpp: rosidl_typesupport_fastrtps_cpp;rosidl_typesupport_introspection_cpp
[0.867s] -- Found gazebo_ros: 3.5.3 (/opt/ros/foxy/share/gazebo_ros/cmake)
[0.946s] -- Found rmw_implementation_cmake: 1.0.4 (/opt/ros/foxy/share/rmw_implementation_cmake/cmake)
[0.948s] -- Using RMW implementation 'rmw_fastrtps_cpp' as default
[1.317s] -- Found DART: /usr/include (Required is at least version "6.6") found components: dart 
[1.374s] -- Found Protobuf: /usr/lib/x86_64-linux-gnu/libprotobuf.so;-lpthread (found version "3.6.1") 
[1.378s] -- Looking for ignition-math6 -- found version 6.15.1
[1.387s] -- Searching for dependencies of ignition-math6
[1.390s] -- Looking for OGRE...
[1.400s] -- Found Ogre Ghadamon (1.9.0)
[1.401s] -- Found OGRE: optimized;/usr/lib/x86_64-linux-gnu/libOgreMain.so;debug;/usr/lib/x86_64-linux-gnu/libOgreMain.so
[1.420s] -- Looking for OGRE_Paging...
[1.421s] -- Found OGRE_Paging: optimized;/usr/lib/x86_64-linux-gnu/libOgrePaging.so;debug;/usr/lib/x86_64-linux-gnu/libOgrePaging.so
[1.421s] -- Looking for OGRE_Terrain...
[1.422s] -- Found OGRE_Terrain: optimized;/usr/lib/x86_64-linux-gnu/libOgreTerrain.so;debug;/usr/lib/x86_64-linux-gnu/libOgreTerrain.so
[1.422s] -- Looking for OGRE_Property...
[1.422s] -- Found OGRE_Property: optimized;/usr/lib/x86_64-linux-gnu/libOgreProperty.so;debug;/usr/lib/x86_64-linux-gnu/libOgreProperty.so
[1.422s] -- Looking for OGRE_RTShaderSystem...
[1.422s] -- Found OGRE_RTShaderSystem: optimized;/usr/lib/x86_64-linux-gnu/libOgreRTShaderSystem.so;debug;/usr/lib/x86_64-linux-gnu/libOgreRTShaderSystem.so
[1.422s] -- Looking for OGRE_Volume...
[1.422s] -- Found OGRE_Volume: optimized;/usr/lib/x86_64-linux-gnu/libOgreVolume.so;debug;/usr/lib/x86_64-linux-gnu/libOgreVolume.so
[1.423s] -- Looking for OGRE_Overlay...
[1.423s] -- Found OGRE_Overlay: optimized;/usr/lib/x86_64-linux-gnu/libOgreOverlay.so;debug;/usr/lib/x86_64-linux-gnu/libOgreOverlay.so
[1.653s] -- Looking for ignition-math6 -- found version 6.15.1
[1.654s] -- Looking for ignition-transport8 -- found version 8.3.0
[1.655s] -- Searching for dependencies of ignition-transport8
[1.691s] -- Found Protobuf: /usr/lib/x86_64-linux-gnu/libprotobuf.so;-lpthread (found suitable version "3.6.1", minimum required is "3") 
[1.714s] -- Config-file not installed for ZeroMQ -- checking for pkg-config
[1.722s] -- Checking for module 'libzmq >= 4'
[1.754s] --   Found libzmq , version 4.3.2
[1.866s] -- Checking for module 'uuid'
[1.912s] --   Found uuid, version 2.34.0
[2.031s] -- Looking for ignition-msgs5 -- found version 5.10.0
[2.033s] -- Searching for dependencies of ignition-msgs5
[2.080s] -- Looking for ignition-math6 -- found version 6.15.1
[2.089s] -- Checking for module 'tinyxml2'
[2.121s] --   Found tinyxml2, version 6.2.0
[2.202s] -- Looking for ignition-msgs5 -- found version 5.10.0
[2.203s] -- Looking for ignition-common3 -- found version 3.14.2
[2.204s] -- Searching for dependencies of ignition-common3
[2.204s] -- Looking for dlfcn.h - found
[2.204s] -- Looking for libdl - found
[2.222s] -- Searching for <ignition-common3> component [graphics]
[2.223s] -- Looking for ignition-common3-graphics -- found version 3.14.2
[2.224s] -- Searching for dependencies of ignition-common3-graphics
[2.224s] -- Looking for ignition-math6 -- found version 6.15.1
[2.227s] -- Looking for ignition-fuel_tools4 -- found version 4.6.0
[2.228s] -- Searching for dependencies of ignition-fuel_tools4
[2.283s] -- Checking for module 'jsoncpp'
[2.313s] --   Found jsoncpp, version 1.7.4
[2.402s] -- Checking for module 'libzip'
[2.434s] --   Found libzip, version 1.5.1
[2.514s] -- Looking for ignition-common3 -- found version 3.14.2
[2.515s] -- Looking for ignition-math6 -- found version 6.15.1
[2.516s] -- Looking for ignition-msgs5 -- found version 5.10.0
[2.518s] -- Gazebo version: 11.11
[2.554s] CMake Error at CMakeLists.txt:23 (find_package):
[2.554s]   By not providing "Findjoint_state_publisher_gui.cmake" in CMAKE_MODULE_PATH
[2.554s]   this project has asked CMake to find a package configuration file provided
[2.554s]   by "joint_state_publisher_gui", but CMake did not find one.
[2.554s] 
[2.554s]   Could not find a package configuration file provided by
[2.554s]   "joint_state_publisher_gui" with any of the following names:
[2.554s] 
[2.555s]     joint_state_publisher_guiConfig.cmake
[2.555s]     joint_state_publisher_gui-config.cmake
[2.555s] 
[2.555s]   Add the installation prefix of "joint_state_publisher_gui" to
[2.555s]   CMAKE_PREFIX_PATH or set "joint_state_publisher_gui_DIR" to a directory
[2.555s]   containing one of the above files.  If "joint_state_publisher_gui" provides
[2.555s]   a separate development package or SDK, be sure it has been installed.
[2.556s] 
[2.556s] 
[2.558s] -- Configuring incomplete, errors occurred!
[2.558s] See also "/home/sonia/robbie-the-robot-arm/V3/build/robbie_simulator/CMakeFiles/CMakeOutput.log".
[2.558s] See also "/home/sonia/robbie-the-robot-arm/V3/build/robbie_simulator/CMakeFiles/CMakeError.log".
[2.572s] make: *** [Makefile:222: cmake_check_build_system] Error 1
[2.576s] Invoked command in '/home/sonia/robbie-the-robot-arm/V3/build/robbie_simulator' returned '2': CMAKE_PREFIX_PATH=${CMAKE_PREFIX_PATH}:/opt/ros/foxy /usr/bin/cmake --build /home/sonia/robbie-the-robot-arm/V3/build/robbie_simulator -- -j8 -l8
